        -:    0:Source:lex.l
        -:    0:Programs:13
        -:    1:/*EOF*/
        -:    2:/*EOF*/
        -:    3:/*EOF*/
        -:    4:/*EOF*/
        -:    5:/*EOF*/
        -:    6:/*EOF*/
        -:    7:/*EOF*/
        -:    8:/*EOF*/
        -:    9:/*EOF*/
        -:   10:/*EOF*/
        -:   11:/*EOF*/
        -:   12:/*EOF*/
        -:   13:/*EOF*/
        -:   14:/*EOF*/
        -:   15:/*EOF*/
        -:   16:/*EOF*/
        -:   17:/*EOF*/
        -:   18:/*EOF*/
        -:   19:/*EOF*/
        -:   20:/*EOF*/
        -:   21:/*EOF*/
        -:   22:/*EOF*/
        -:   23:/*EOF*/
        -:   24:/*EOF*/
        -:   25:/*EOF*/
        -:   26:/*EOF*/
        -:   27:/*EOF*/
        -:   28:/*EOF*/
        -:   29:/*EOF*/
        -:   30:/*EOF*/
        -:   31:/*EOF*/
        -:   32:/*EOF*/
        -:   33:/*EOF*/
        -:   34:/*EOF*/
        -:   35:/*EOF*/
        -:   36:/*EOF*/
        -:   37:/*EOF*/
        -:   38:/*EOF*/
        -:   39:/*EOF*/
        -:   40:/*EOF*/
        -:   41:/*EOF*/
        -:   42:/*EOF*/
        -:   43:/*EOF*/
        -:   44:/*EOF*/
        -:   45:/*EOF*/
        -:   46:/*EOF*/
        -:   47:/*EOF*/
        -:   48:/*EOF*/
        -:   49:/*EOF*/
        -:   50:/*EOF*/
        -:   51:/*EOF*/
        -:   52:/*EOF*/
        -:   53:/*EOF*/
        -:   54:/*EOF*/
        -:   55:/*EOF*/
        -:   56:/*EOF*/
        -:   57:/*EOF*/
        -:   58:/*EOF*/
        -:   59:/*EOF*/
        -:   60:/*EOF*/
        -:   61:/*EOF*/
        -:   62:/*EOF*/
        -:   63:/*EOF*/
        -:   64:/*EOF*/
        -:   65:/*EOF*/
        -:   66:/*EOF*/
      126:   67:/*EOF*/
      126:   68:/*EOF*/
branch  0 taken 0% (fallthrough)
branch  1 taken 100%
branch  2 taken 50%
branch  3 taken 50% (fallthrough)
        -:   69:/*EOF*/
        -:   70:/*EOF*/
        1:   71:/*EOF*/
branch  0 taken 0% (fallthrough)
branch  1 taken 100%
branch  2 taken 50%
branch  3 taken 50%
        -:   72:/*EOF*/
        3:   73:/*EOF*/
branch  0 taken 0% (fallthrough)
branch  1 taken 100%
branch  2 taken 50%
branch  3 taken 50%
    #####:   74:/*EOF*/
branch  0 never executed
branch  1 never executed
branch  2 never executed
branch  3 never executed
    #####:   75:/*EOF*/
branch  0 never executed
branch  1 never executed
branch  2 never executed
branch  3 never executed
    #####:   76:/*EOF*/
branch  0 never executed
branch  1 never executed
branch  2 never executed
branch  3 never executed
    #####:   77:/*EOF*/
branch  0 never executed
branch  1 never executed
branch  2 never executed
branch  3 never executed
    #####:   78:/*EOF*/
branch  0 never executed
branch  1 never executed
branch  2 never executed
branch  3 never executed
    #####:   79:/*EOF*/
branch  0 never executed
branch  1 never executed
branch  2 never executed
branch  3 never executed
    #####:   80:/*EOF*/
branch  0 never executed
branch  1 never executed
branch  2 never executed
branch  3 never executed
    #####:   81:/*EOF*/
branch  0 never executed
branch  1 never executed
branch  2 never executed
branch  3 never executed
        1:   82:/*EOF*/
branch  0 taken 0% (fallthrough)
branch  1 taken 100%
branch  2 taken 67%
branch  3 taken 33%
        -:   83:/*EOF*/
    #####:   84:/*EOF*/
branch  0 never executed
branch  1 never executed
branch  2 never executed
branch  3 never executed
        -:   85:/*EOF*/
        3:   86:/*EOF*/
branch  0 taken 0% (fallthrough)
branch  1 taken 100%
branch  2 taken 67%
branch  3 taken 33%
        -:   87:/*EOF*/
        7:   88:/*EOF*/
branch  0 taken 0% (fallthrough)
branch  1 taken 100%
branch  2 taken 75%
branch  3 taken 25%
        3:   89:/*EOF*/
branch  0 taken 0% (fallthrough)
branch  1 taken 100%
branch  2 taken 80%
branch  3 taken 20%
    #####:   90:/*EOF*/
branch  0 never executed
branch  1 never executed
branch  2 never executed
branch  3 never executed
    #####:   91:/*EOF*/
branch  0 never executed
branch  1 never executed
branch  2 never executed
branch  3 never executed
        1:   92:/*EOF*/
branch  0 taken 0% (fallthrough)
branch  1 taken 100%
branch  2 taken 89%
branch  3 taken 11%
    #####:   93:/*EOF*/
branch  0 never executed
branch  1 never executed
branch  2 never executed
branch  3 never executed
    #####:   94:/*EOF*/
branch  0 never executed
branch  1 never executed
branch  2 never executed
branch  3 never executed
        3:   95:/*EOF*/
branch  0 taken 0% (fallthrough)
branch  1 taken 100%
branch  2 taken 88%
branch  3 taken 13%
call    4 never executed
        1:   96:/*EOF*/
branch  0 never executed
branch  1 never executed
branch  2 never executed
branch  3 never executed
call    4 returned 100%
    #####:   97:/*EOF*/
branch  0 never executed
branch  1 never executed
branch  2 never executed
branch  3 never executed
call    4 never executed
        1:   98:/*EOF*/
branch  0 taken 0% (fallthrough)
branch  1 taken 100%
branch  2 taken 86%
branch  3 taken 14% (fallthrough)
    #####:   99:/*EOF*/
branch  0 never executed
branch  1 never executed
branch  2 never executed
branch  3 never executed
        5:  100:/*EOF*/
branch  0 taken 0% (fallthrough)
branch  1 taken 100%
branch  2 taken 88%
branch  3 taken 13%
    #####:  101:/*EOF*/
branch  0 never executed
branch  1 never executed
branch  2 never executed
branch  3 never executed
        -:  102:/*EOF*/
        -:  103:/*EOF*/
        -:  104:/*EOF*/
        -:  105:/*EOF*/
        1:  106:/*EOF*/
branch  0 taken 0% (fallthrough)
branch  1 taken 100%
branch  2 taken 67%
branch  3 taken 33% (fallthrough)
call    4 returned 100%
      105:  107:/*EOF*/
call    0 returned 100%
        6:  108:/*EOF*/
call    0 returned 100%
call    1 returned 100%
      119:  109:/*EOF*/
branch  0 taken 0% (fallthrough)
branch  1 taken 100%
branch  2 taken 78%
branch  3 taken 22% (fallthrough)
call    4 returned 100%
call    5 returned 100%
       16:  110:/*EOF*/
branch  0 taken 0% (fallthrough)
branch  1 taken 100%
branch  2 taken 80%
branch  3 taken 20% (fallthrough)
call    4 returned 100%
       16:  111:/*EOF*/
branch  0 taken 0% (fallthrough)
branch  1 taken 100%
branch  2 taken 55%
branch  3 taken 45% (fallthrough)
call    4 returned 100%
        -:  112:/*EOF*/
      133:  113:/*EOF*/
branch  0 taken 0% (fallthrough)
branch  1 taken 100%
branch  2 taken 97%
branch  3 taken 3% (fallthrough)
      176:  114:/*EOF*/
branch  0 taken 0% (fallthrough)
branch  1 taken 100%
branch  2 taken 96%
branch  3 taken 4% (fallthrough)
branch  4 taken 0% (fallthrough)
branch  5 taken 100%
branch  6 taken 3%
branch  7 taken 97%
        -:  115:/*EOF*/
      221:  116:/*EOF*/
branch  0 taken 100% (fallthrough)
branch  1 taken 0%
branch  2 taken 50%
branch  3 taken 50% (fallthrough)
branch  4 taken 0% (fallthrough)
branch  5 taken 100%
branch  6 taken 37%
branch  7 taken 63%
       72:  117:/*EOF*/
branch  0 taken 0% (fallthrough)
branch  1 taken 100%
branch  2 taken 50%
branch  3 taken 50%
call    4 never executed
    #####:  118:/*EOF*/
branch  0 never executed
branch  1 never executed
branch  2 never executed
branch  3 never executed
