        -:    0:Source:parse.c
        -:    0:Programs:13
        -:    1:/*EOF*/
        -:    2:/*EOF*/
        -:    3:/*EOF*/
        -:    4:/*EOF*/
        -:    5:/*EOF*/
        -:    6:/*EOF*/
        -:    7:/*EOF*/
        -:    8:/*EOF*/
        -:    9:/*EOF*/
        -:   10:/*EOF*/
        -:   11:/*EOF*/
        -:   12:/*EOF*/
        -:   13:/*EOF*/
        -:   14:/*EOF*/
        -:   15:/*EOF*/
        -:   16:/*EOF*/
        -:   17:/*EOF*/
        -:   18:/*EOF*/
        -:   19:/*EOF*/
        -:   20:/*EOF*/
        -:   21:/*EOF*/
        -:   22:/*EOF*/
        -:   23:/*EOF*/
        -:   24:/*EOF*/
        -:   25:/*EOF*/
        -:   26:/*EOF*/
        -:   27:/*EOF*/
        -:   28:/*EOF*/
        -:   29:/*EOF*/
        -:   30:/*EOF*/
        -:   31:/*EOF*/
        -:   32:/*EOF*/
        -:   33:/*EOF*/
        -:   34:/*EOF*/
        -:   35:/*EOF*/
        -:   36:/*EOF*/
        -:   37:/*EOF*/
        -:   38:/*EOF*/
        -:   39:/*EOF*/
        -:   40:/*EOF*/
        -:   41:/*EOF*/
        -:   42:/*EOF*/
        -:   43:/*EOF*/
        -:   44:/*EOF*/
        -:   45:/*EOF*/
        -:   46:/*EOF*/
        -:   47:/*EOF*/
        -:   48:/*EOF*/
        -:   49:/*EOF*/
        -:   50:/*EOF*/
        -:   51:/*EOF*/
        -:   52:/*EOF*/
        -:   53:/*EOF*/
        -:   54:/*EOF*/
        -:   55:/*EOF*/
        -:   56:/*EOF*/
        -:   57:/*EOF*/
        -:   58:/*EOF*/
        -:   59:/*EOF*/
        -:   60:/*EOF*/
        -:   61:/*EOF*/
        -:   62:/*EOF*/
        -:   63:/*EOF*/
        -:   64:/*EOF*/
        -:   65:/*EOF*/
        -:   66:/*EOF*/
        -:   67:/*EOF*/
        -:   68:/*EOF*/
        -:   69:/*EOF*/
        -:   70:/*EOF*/
        -:   71:/*EOF*/
        -:   72:/*EOF*/
        -:   73:/*EOF*/
        -:   74:/*EOF*/
        -:   75:/*EOF*/
        -:   76:/*EOF*/
        -:   77:/*EOF*/
        -:   78:/*EOF*/
        -:   79:/*EOF*/
        -:   80:/*EOF*/
        -:   81:/*EOF*/
        -:   82:/*EOF*/
        -:   83:/*EOF*/
        -:   84:/*EOF*/
        -:   85:/*EOF*/
        -:   86:/*EOF*/
        -:   87:/*EOF*/
        -:   88:/*EOF*/
        -:   89:/*EOF*/
        -:   90:/*EOF*/
        -:   91:/*EOF*/
        -:   92:/*EOF*/
        -:   93:/*EOF*/
        -:   94:/*EOF*/
        -:   95:/*EOF*/
        -:   96:/*EOF*/
        -:   97:/*EOF*/
        -:   98:/*EOF*/
        -:   99:/*EOF*/
        -:  100:/*EOF*/
        -:  101:/*EOF*/
        -:  102:/*EOF*/
        -:  103:/*EOF*/
        -:  104:/*EOF*/
        -:  105:/*EOF*/
        -:  106:/*EOF*/
        -:  107:/*EOF*/
        -:  108:/*EOF*/
        -:  109:/*EOF*/
        -:  110:/*EOF*/
        -:  111:/*EOF*/
        -:  112:/*EOF*/
        -:  113:/*EOF*/
        -:  114:/*EOF*/
        -:  115:/*EOF*/
        -:  116:/*EOF*/
        -:  117:/*EOF*/
        -:  118:/*EOF*/
        -:  119:/*EOF*/
        -:  120:/*EOF*/
        -:  121:/*EOF*/
        -:  122:/*EOF*/
        -:  123:/*EOF*/
        -:  124:/*EOF*/
        -:  125:/*EOF*/
        -:  126:/*EOF*/
        -:  127:/*EOF*/
        -:  128:/*EOF*/
        -:  129:/*EOF*/
        -:  130:/*EOF*/
        -:  131:/*EOF*/
        -:  132:/*EOF*/
        -:  133:/*EOF*/
        -:  134:/*EOF*/
        -:  135:/*EOF*/
        -:  136:/*EOF*/
        -:  137:/*EOF*/
        -:  138:/*EOF*/
        -:  139:/*EOF*/
        -:  140:/*EOF*/
        -:  141:/*EOF*/
        -:  142:/*EOF*/
        -:  143:/*EOF*/
        -:  144:/*EOF*/
        -:  145:/*EOF*/
        -:  146:/*EOF*/
        -:  147:/*EOF*/
        -:  148:/*EOF*/
        -:  149:/*EOF*/
        -:  150:/*EOF*/
        -:  151:/*EOF*/
        -:  152:/*EOF*/
        -:  153:/*EOF*/
        -:  154:/*EOF*/
        -:  155:/*EOF*/
        -:  156:/*EOF*/
        -:  157:/*EOF*/
        -:  158:/*EOF*/
        -:  159:/*EOF*/
        -:  160:/*EOF*/
        -:  161:/*EOF*/
        -:  162:/*EOF*/
        -:  163:/*EOF*/
        -:  164:/*EOF*/
        -:  165:/*EOF*/
        -:  166:/*EOF*/
        -:  167:/*EOF*/
        -:  168:/*EOF*/
        -:  169:/*EOF*/
        -:  170:/*EOF*/
        -:  171:/*EOF*/
        -:  172:/*EOF*/
        -:  173:/*EOF*/
        -:  174:/*EOF*/
        -:  175:/*EOF*/
        -:  176:/*EOF*/
        -:  177:/*EOF*/
        -:  178:/*EOF*/
        -:  179:/*EOF*/
        -:  180:/*EOF*/
        -:  181:/*EOF*/
        -:  182:/*EOF*/
        -:  183:/*EOF*/
        -:  184:/*EOF*/
        -:  185:/*EOF*/
        -:  186:/*EOF*/
        -:  187:/*EOF*/
        -:  188:/*EOF*/
        -:  189:/*EOF*/
        -:  190:/*EOF*/
        -:  191:/*EOF*/
        -:  192:/*EOF*/
        -:  193:/*EOF*/
        -:  194:/*EOF*/
        -:  195:/*EOF*/
        -:  196:/*EOF*/
        -:  197:/*EOF*/
        -:  198:/*EOF*/
        -:  199:/*EOF*/
        -:  200:/*EOF*/
        -:  201:/*EOF*/
        -:  202:/*EOF*/
        -:  203:/*EOF*/
        -:  204:/*EOF*/
        -:  205:/*EOF*/
        -:  206:/*EOF*/
        -:  207:/*EOF*/
        -:  208:/*EOF*/
        -:  209:/*EOF*/
        -:  210:/*EOF*/
        -:  211:/*EOF*/
        -:  212:/*EOF*/
        -:  213:/*EOF*/
        -:  214:/*EOF*/
        -:  215:/*EOF*/
        -:  216:/*EOF*/
        -:  217:/*EOF*/
        -:  218:/*EOF*/
        -:  219:/*EOF*/
        -:  220:/*EOF*/
        -:  221:/*EOF*/
        -:  222:/*EOF*/
        -:  223:/*EOF*/
        -:  224:/*EOF*/
        -:  225:/*EOF*/
        -:  226:/*EOF*/
        -:  227:/*EOF*/
        -:  228:/*EOF*/
        -:  229:/*EOF*/
        -:  230:/*EOF*/
        -:  231:/*EOF*/
        -:  232:/*EOF*/
        -:  233:/*EOF*/
        -:  234:/*EOF*/
        -:  235:/*EOF*/
        -:  236:/*EOF*/
        -:  237:/*EOF*/
        -:  238:/*EOF*/
        -:  239:/*EOF*/
        -:  240:/*EOF*/
        -:  241:/*EOF*/
        -:  242:/*EOF*/
        -:  243:/*EOF*/
        -:  244:/*EOF*/
        -:  245:/*EOF*/
        -:  246:/*EOF*/
        -:  247:/*EOF*/
        -:  248:/*EOF*/
        -:  249:/*EOF*/
        -:  250:/*EOF*/
        -:  251:/*EOF*/
        -:  252:/*EOF*/
        -:  253:/*EOF*/
        -:  254:/*EOF*/
        -:  255:/*EOF*/
        -:  256:/*EOF*/
        -:  257:/*EOF*/
        -:  258:/*EOF*/
        -:  259:/*EOF*/
        -:  260:/*EOF*/
        -:  261:/*EOF*/
        -:  262:/*EOF*/
        -:  263:/*EOF*/
        -:  264:/*EOF*/
        -:  265:/*EOF*/
        -:  266:/*EOF*/
        -:  267:/*EOF*/
        -:  268:/*EOF*/
        -:  269:/*EOF*/
        -:  270:/*EOF*/
        -:  271:/*EOF*/
        -:  272:/*EOF*/
        -:  273:/*EOF*/
        -:  274:/*EOF*/
        -:  275:/*EOF*/
        -:  276:/*EOF*/
        -:  277:/*EOF*/
        -:  278:/*EOF*/
        -:  279:/*EOF*/
        -:  280:/*EOF*/
        -:  281:/*EOF*/
        -:  282:/*EOF*/
        -:  283:/*EOF*/
        -:  284:/*EOF*/
        -:  285:/*EOF*/
        -:  286:/*EOF*/
        -:  287:/*EOF*/
        -:  288:/*EOF*/
        -:  289:/*EOF*/
        -:  290:/*EOF*/
        -:  291:/*EOF*/
        -:  292:/*EOF*/
        -:  293:/*EOF*/
        -:  294:/*EOF*/
        -:  295:/*EOF*/
        -:  296:/*EOF*/
        -:  297:/*EOF*/
        -:  298:/*EOF*/
        -:  299:/*EOF*/
        -:  300:/*EOF*/
        -:  301:/*EOF*/
        -:  302:/*EOF*/
        -:  303:/*EOF*/
        -:  304:/*EOF*/
        -:  305:/*EOF*/
        -:  306:/*EOF*/
        -:  307:/*EOF*/
        -:  308:/*EOF*/
        -:  309:/*EOF*/
        -:  310:/*EOF*/
        -:  311:/*EOF*/
        -:  312:/*EOF*/
        -:  313:/*EOF*/
        -:  314:/*EOF*/
        -:  315:/*EOF*/
        -:  316:/*EOF*/
        -:  317:/*EOF*/
        -:  318:/*EOF*/
        -:  319:/*EOF*/
        -:  320:/*EOF*/
        -:  321:/*EOF*/
        -:  322:/*EOF*/
        -:  323:/*EOF*/
        -:  324:/*EOF*/
        -:  325:/*EOF*/
        -:  326:/*EOF*/
        -:  327:/*EOF*/
        -:  328:/*EOF*/
        -:  329:/*EOF*/
        -:  330:/*EOF*/
        -:  331:/*EOF*/
        -:  332:/*EOF*/
        -:  333:/*EOF*/
        -:  334:/*EOF*/
        -:  335:/*EOF*/
        -:  336:/*EOF*/
        -:  337:/*EOF*/
        -:  338:/*EOF*/
        -:  339:/*EOF*/
        -:  340:/*EOF*/
        -:  341:/*EOF*/
        -:  342:/*EOF*/
        -:  343:/*EOF*/
        -:  344:/*EOF*/
        -:  345:/*EOF*/
        -:  346:/*EOF*/
        -:  347:/*EOF*/
        -:  348:/*EOF*/
        -:  349:/*EOF*/
        -:  350:/*EOF*/
        -:  351:/*EOF*/
        -:  352:/*EOF*/
        -:  353:/*EOF*/
        -:  354:/*EOF*/
        -:  355:/*EOF*/
        -:  356:/*EOF*/
        -:  357:/*EOF*/
        -:  358:/*EOF*/
        -:  359:/*EOF*/
        -:  360:/*EOF*/
        -:  361:/*EOF*/
        -:  362:/*EOF*/
        -:  363:/*EOF*/
        -:  364:/*EOF*/
        -:  365:/*EOF*/
        -:  366:/*EOF*/
        -:  367:/*EOF*/
        -:  368:/*EOF*/
        -:  369:/*EOF*/
        -:  370:/*EOF*/
        -:  371:/*EOF*/
        -:  372:/*EOF*/
        -:  373:/*EOF*/
        -:  374:/*EOF*/
        -:  375:/*EOF*/
        -:  376:/*EOF*/
        -:  377:/*EOF*/
        -:  378:/*EOF*/
        -:  379:/*EOF*/
        -:  380:/*EOF*/
        -:  381:/*EOF*/
        -:  382:/*EOF*/
        -:  383:/*EOF*/
        -:  384:/*EOF*/
        -:  385:/*EOF*/
        -:  386:/*EOF*/
        -:  387:/*EOF*/
        -:  388:/*EOF*/
        -:  389:/*EOF*/
        -:  390:/*EOF*/
        -:  391:/*EOF*/
        -:  392:/*EOF*/
        -:  393:/*EOF*/
        -:  394:/*EOF*/
        -:  395:/*EOF*/
        -:  396:/*EOF*/
        -:  397:/*EOF*/
        -:  398:/*EOF*/
        -:  399:/*EOF*/
        -:  400:/*EOF*/
        -:  401:/*EOF*/
        -:  402:/*EOF*/
        -:  403:/*EOF*/
        -:  404:/*EOF*/
        -:  405:/*EOF*/
        -:  406:/*EOF*/
        -:  407:/*EOF*/
        -:  408:/*EOF*/
        -:  409:/*EOF*/
        -:  410:/*EOF*/
        -:  411:/*EOF*/
        -:  412:/*EOF*/
        -:  413:/*EOF*/
        -:  414:/*EOF*/
        -:  415:/*EOF*/
        -:  416:/*EOF*/
        -:  417:/*EOF*/
        -:  418:/*EOF*/
        -:  419:/*EOF*/
        -:  420:/*EOF*/
        -:  421:/*EOF*/
        -:  422:/*EOF*/
        -:  423:/*EOF*/
        -:  424:/*EOF*/
        -:  425:/*EOF*/
        -:  426:/*EOF*/
        -:  427:/*EOF*/
        -:  428:/*EOF*/
        -:  429:/*EOF*/
        -:  430:/*EOF*/
        -:  431:/*EOF*/
        -:  432:/*EOF*/
        -:  433:/*EOF*/
        -:  434:/*EOF*/
        -:  435:/*EOF*/
        -:  436:/*EOF*/
        -:  437:/*EOF*/
        -:  438:/*EOF*/
        -:  439:/*EOF*/
        -:  440:/*EOF*/
        -:  441:/*EOF*/
        -:  442:/*EOF*/
        -:  443:/*EOF*/
        -:  444:/*EOF*/
        -:  445:/*EOF*/
        -:  446:/*EOF*/
        -:  447:/*EOF*/
        -:  448:/*EOF*/
        -:  449:/*EOF*/
        -:  450:/*EOF*/
        -:  451:/*EOF*/
        -:  452:/*EOF*/
        -:  453:/*EOF*/
        -:  454:/*EOF*/
        -:  455:/*EOF*/
        -:  456:/*EOF*/
        -:  457:/*EOF*/
        -:  458:/*EOF*/
        -:  459:/*EOF*/
        -:  460:/*EOF*/
        -:  461:/*EOF*/
        -:  462:/*EOF*/
        -:  463:/*EOF*/
        -:  464:/*EOF*/
        -:  465:/*EOF*/
        -:  466:/*EOF*/
        -:  467:/*EOF*/
        -:  468:/*EOF*/
        -:  469:/*EOF*/
        -:  470:/*EOF*/
        -:  471:/*EOF*/
        -:  472:/*EOF*/
        -:  473:/*EOF*/
        -:  474:/*EOF*/
        -:  475:/*EOF*/
        -:  476:/*EOF*/
        -:  477:/*EOF*/
        -:  478:/*EOF*/
        -:  479:/*EOF*/
        -:  480:/*EOF*/
        -:  481:/*EOF*/
        -:  482:/*EOF*/
        -:  483:/*EOF*/
        -:  484:/*EOF*/
        -:  485:/*EOF*/
        -:  486:/*EOF*/
        -:  487:/*EOF*/
        -:  488:/*EOF*/
        -:  489:/*EOF*/
        -:  490:/*EOF*/
        -:  491:/*EOF*/
        -:  492:/*EOF*/
        -:  493:/*EOF*/
        -:  494:/*EOF*/
        -:  495:/*EOF*/
        -:  496:/*EOF*/
        -:  497:/*EOF*/
        -:  498:/*EOF*/
        -:  499:/*EOF*/
        -:  500:/*EOF*/
        -:  501:/*EOF*/
        -:  502:/*EOF*/
        -:  503:/*EOF*/
        -:  504:/*EOF*/
        -:  505:/*EOF*/
        -:  506:/*EOF*/
        -:  507:/*EOF*/
        -:  508:/*EOF*/
        -:  509:/*EOF*/
        -:  510:/*EOF*/
        -:  511:/*EOF*/
        -:  512:/*EOF*/
        -:  513:/*EOF*/
        -:  514:/*EOF*/
        -:  515:/*EOF*/
        -:  516:/*EOF*/
        -:  517:/*EOF*/
        -:  518:/*EOF*/
        -:  519:/*EOF*/
        -:  520:/*EOF*/
        -:  521:/*EOF*/
        -:  522:/*EOF*/
        -:  523:/*EOF*/
        -:  524:/*EOF*/
        -:  525:/*EOF*/
        -:  526:/*EOF*/
        -:  527:/*EOF*/
        -:  528:/*EOF*/
        -:  529:/*EOF*/
        -:  530:/*EOF*/
        -:  531:/*EOF*/
        -:  532:/*EOF*/
        -:  533:/*EOF*/
        -:  534:/*EOF*/
        -:  535:/*EOF*/
        -:  536:/*EOF*/
        -:  537:/*EOF*/
        -:  538:/*EOF*/
        -:  539:/*EOF*/
        -:  540:/*EOF*/
        -:  541:/*EOF*/
        -:  542:/*EOF*/
        -:  543:/*EOF*/
        -:  544:/*EOF*/
        -:  545:/*EOF*/
        -:  546:/*EOF*/
        -:  547:/*EOF*/
        -:  548:/*EOF*/
        -:  549:/*EOF*/
        -:  550:/*EOF*/
        -:  551:/*EOF*/
        -:  552:/*EOF*/
        -:  553:/*EOF*/
        -:  554:/*EOF*/
        -:  555:/*EOF*/
        -:  556:/*EOF*/
        -:  557:/*EOF*/
        -:  558:/*EOF*/
        -:  559:/*EOF*/
        -:  560:/*EOF*/
        -:  561:/*EOF*/
        -:  562:/*EOF*/
        -:  563:/*EOF*/
        -:  564:/*EOF*/
        -:  565:/*EOF*/
        -:  566:/*EOF*/
        -:  567:/*EOF*/
        -:  568:/*EOF*/
        -:  569:/*EOF*/
        -:  570:/*EOF*/
        -:  571:/*EOF*/
        -:  572:/*EOF*/
        -:  573:/*EOF*/
        -:  574:/*EOF*/
        -:  575:/*EOF*/
        -:  576:/*EOF*/
        -:  577:/*EOF*/
        -:  578:/*EOF*/
        -:  579:/*EOF*/
        -:  580:/*EOF*/
        -:  581:/*EOF*/
        -:  582:/*EOF*/
        -:  583:/*EOF*/
        -:  584:/*EOF*/
        -:  585:/*EOF*/
        -:  586:/*EOF*/
        -:  587:/*EOF*/
        -:  588:/*EOF*/
        -:  589:/*EOF*/
        -:  590:/*EOF*/
        -:  591:/*EOF*/
        -:  592:/*EOF*/
        -:  593:/*EOF*/
        -:  594:/*EOF*/
        -:  595:/*EOF*/
        -:  596:/*EOF*/
        -:  597:/*EOF*/
        -:  598:/*EOF*/
        -:  599:/*EOF*/
        -:  600:/*EOF*/
        -:  601:/*EOF*/
        -:  602:/*EOF*/
        -:  603:/*EOF*/
        -:  604:/*EOF*/
        -:  605:/*EOF*/
        -:  606:/*EOF*/
        -:  607:/*EOF*/
        -:  608:/*EOF*/
        -:  609:/*EOF*/
        -:  610:/*EOF*/
        -:  611:/*EOF*/
        -:  612:/*EOF*/
        -:  613:/*EOF*/
        -:  614:/*EOF*/
        -:  615:/*EOF*/
        -:  616:/*EOF*/
        -:  617:/*EOF*/
        -:  618:/*EOF*/
        -:  619:/*EOF*/
        -:  620:/*EOF*/
        -:  621:/*EOF*/
        -:  622:/*EOF*/
        -:  623:/*EOF*/
        -:  624:/*EOF*/
        -:  625:/*EOF*/
        -:  626:/*EOF*/
        -:  627:/*EOF*/
        -:  628:/*EOF*/
        -:  629:/*EOF*/
        -:  630:/*EOF*/
        -:  631:/*EOF*/
        -:  632:/*EOF*/
        -:  633:/*EOF*/
        -:  634:/*EOF*/
        -:  635:/*EOF*/
        -:  636:/*EOF*/
        -:  637:/*EOF*/
        -:  638:/*EOF*/
        -:  639:/*EOF*/
        -:  640:/*EOF*/
        -:  641:/*EOF*/
        -:  642:/*EOF*/
        -:  643:/*EOF*/
        -:  644:/*EOF*/
        -:  645:/*EOF*/
        -:  646:/*EOF*/
        -:  647:/*EOF*/
        -:  648:/*EOF*/
        -:  649:/*EOF*/
        -:  650:/*EOF*/
        -:  651:/*EOF*/
        -:  652:/*EOF*/
        -:  653:/*EOF*/
        -:  654:/*EOF*/
        -:  655:/*EOF*/
        -:  656:/*EOF*/
        -:  657:/*EOF*/
        -:  658:/*EOF*/
        -:  659:/*EOF*/
        -:  660:/*EOF*/
        -:  661:/*EOF*/
        -:  662:/*EOF*/
        -:  663:/*EOF*/
        -:  664:/*EOF*/
        -:  665:/*EOF*/
        -:  666:/*EOF*/
        -:  667:/*EOF*/
        -:  668:/*EOF*/
        -:  669:/*EOF*/
        -:  670:/*EOF*/
        -:  671:/*EOF*/
        -:  672:/*EOF*/
        -:  673:/*EOF*/
        -:  674:/*EOF*/
        -:  675:/*EOF*/
        -:  676:/*EOF*/
        -:  677:/*EOF*/
        -:  678:/*EOF*/
        -:  679:/*EOF*/
        -:  680:/*EOF*/
        -:  681:/*EOF*/
        -:  682:/*EOF*/
        -:  683:/*EOF*/
        -:  684:/*EOF*/
        -:  685:/*EOF*/
        -:  686:/*EOF*/
        -:  687:/*EOF*/
        -:  688:/*EOF*/
        -:  689:/*EOF*/
        -:  690:/*EOF*/
        -:  691:/*EOF*/
        -:  692:/*EOF*/
        -:  693:/*EOF*/
        -:  694:/*EOF*/
        -:  695:/*EOF*/
        -:  696:/*EOF*/
        -:  697:/*EOF*/
        -:  698:/*EOF*/
        -:  699:/*EOF*/
        -:  700:/*EOF*/
        -:  701:/*EOF*/
        -:  702:/*EOF*/
        -:  703:/*EOF*/
        -:  704:/*EOF*/
        -:  705:/*EOF*/
        -:  706:/*EOF*/
        -:  707:/*EOF*/
        -:  708:/*EOF*/
        -:  709:/*EOF*/
        -:  710:/*EOF*/
        -:  711:/*EOF*/
        -:  712:/*EOF*/
        -:  713:/*EOF*/
        -:  714:/*EOF*/
        -:  715:/*EOF*/
        -:  716:/*EOF*/
        -:  717:/*EOF*/
        -:  718:/*EOF*/
        -:  719:/*EOF*/
        -:  720:/*EOF*/
        -:  721:/*EOF*/
        -:  722:/*EOF*/
        -:  723:/*EOF*/
        -:  724:/*EOF*/
        -:  725:/*EOF*/
        -:  726:/*EOF*/
        -:  727:/*EOF*/
        -:  728:/*EOF*/
        -:  729:/*EOF*/
        -:  730:/*EOF*/
        -:  731:/*EOF*/
        -:  732:/*EOF*/
        -:  733:/*EOF*/
        -:  734:/*EOF*/
        -:  735:/*EOF*/
        -:  736:/*EOF*/
        -:  737:/*EOF*/
        -:  738:/*EOF*/
        -:  739:/*EOF*/
        -:  740:/*EOF*/
        -:  741:/*EOF*/
        -:  742:/*EOF*/
        -:  743:/*EOF*/
        -:  744:/*EOF*/
        -:  745:/*EOF*/
        -:  746:/*EOF*/
        -:  747:/*EOF*/
        -:  748:/*EOF*/
        -:  749:/*EOF*/
        -:  750:/*EOF*/
        -:  751:/*EOF*/
        -:  752:/*EOF*/
        -:  753:/*EOF*/
        -:  754:/*EOF*/
        -:  755:/*EOF*/
        -:  756:/*EOF*/
        -:  757:/*EOF*/
        -:  758:/*EOF*/
        -:  759:/*EOF*/
        -:  760:/*EOF*/
        -:  761:/*EOF*/
        -:  762:/*EOF*/
        -:  763:/*EOF*/
        -:  764:/*EOF*/
        -:  765:/*EOF*/
        -:  766:/*EOF*/
        -:  767:/*EOF*/
        -:  768:/*EOF*/
        -:  769:/*EOF*/
        -:  770:/*EOF*/
        -:  771:/*EOF*/
        -:  772:/*EOF*/
        -:  773:/*EOF*/
        -:  774:/*EOF*/
        -:  775:/*EOF*/
        -:  776:/*EOF*/
        -:  777:/*EOF*/
        -:  778:/*EOF*/
        -:  779:/*EOF*/
        -:  780:/*EOF*/
        -:  781:/*EOF*/
        -:  782:/*EOF*/
        -:  783:/*EOF*/
        -:  784:/*EOF*/
        -:  785:/*EOF*/
        -:  786:/*EOF*/
        -:  787:/*EOF*/
        -:  788:/*EOF*/
        -:  789:/*EOF*/
        -:  790:/*EOF*/
        -:  791:/*EOF*/
        -:  792:/*EOF*/
        -:  793:/*EOF*/
        -:  794:/*EOF*/
        -:  795:/*EOF*/
        -:  796:/*EOF*/
        -:  797:/*EOF*/
        -:  798:/*EOF*/
        -:  799:/*EOF*/
        -:  800:/*EOF*/
        -:  801:/*EOF*/
        -:  802:/*EOF*/
        -:  803:/*EOF*/
        -:  804:/*EOF*/
        -:  805:/*EOF*/
        -:  806:/*EOF*/
        -:  807:/*EOF*/
        -:  808:/*EOF*/
        -:  809:/*EOF*/
        -:  810:/*EOF*/
        -:  811:/*EOF*/
        -:  812:/*EOF*/
        -:  813:/*EOF*/
        -:  814:/*EOF*/
        -:  815:/*EOF*/
        -:  816:/*EOF*/
        -:  817:/*EOF*/
        -:  818:/*EOF*/
        -:  819:/*EOF*/
        -:  820:/*EOF*/
        -:  821:/*EOF*/
        -:  822:/*EOF*/
        -:  823:/*EOF*/
        -:  824:/*EOF*/
        -:  825:/*EOF*/
        -:  826:/*EOF*/
        -:  827:/*EOF*/
        -:  828:/*EOF*/
        -:  829:/*EOF*/
        -:  830:/*EOF*/
        -:  831:/*EOF*/
        -:  832:/*EOF*/
        -:  833:/*EOF*/
        -:  834:/*EOF*/
        -:  835:/*EOF*/
        -:  836:/*EOF*/
        -:  837:/*EOF*/
        -:  838:/*EOF*/
        -:  839:/*EOF*/
        -:  840:/*EOF*/
        -:  841:/*EOF*/
        -:  842:/*EOF*/
        -:  843:/*EOF*/
        -:  844:/*EOF*/
        -:  845:/*EOF*/
        -:  846:/*EOF*/
        -:  847:/*EOF*/
        -:  848:/*EOF*/
        -:  849:/*EOF*/
        -:  850:/*EOF*/
        -:  851:/*EOF*/
        -:  852:/*EOF*/
        -:  853:/*EOF*/
        -:  854:/*EOF*/
        -:  855:/*EOF*/
        -:  856:/*EOF*/
        -:  857:/*EOF*/
        -:  858:/*EOF*/
        -:  859:/*EOF*/
        -:  860:/*EOF*/
        -:  861:/*EOF*/
        -:  862:/*EOF*/
        -:  863:/*EOF*/
        -:  864:/*EOF*/
        -:  865:/*EOF*/
        -:  866:/*EOF*/
        -:  867:/*EOF*/
        -:  868:/*EOF*/
        -:  869:/*EOF*/
        -:  870:/*EOF*/
        -:  871:/*EOF*/
        -:  872:/*EOF*/
        -:  873:/*EOF*/
        -:  874:/*EOF*/
        -:  875:/*EOF*/
        -:  876:/*EOF*/
        -:  877:/*EOF*/
        -:  878:/*EOF*/
        -:  879:/*EOF*/
        -:  880:/*EOF*/
        -:  881:/*EOF*/
        -:  882:/*EOF*/
        -:  883:/*EOF*/
        -:  884:/*EOF*/
        -:  885:/*EOF*/
        -:  886:/*EOF*/
        -:  887:/*EOF*/
        -:  888:/*EOF*/
        -:  889:/*EOF*/
        -:  890:/*EOF*/
        -:  891:/*EOF*/
        -:  892:/*EOF*/
        -:  893:/*EOF*/
        -:  894:/*EOF*/
        -:  895:/*EOF*/
        -:  896:/*EOF*/
        -:  897:/*EOF*/
        -:  898:/*EOF*/
        -:  899:/*EOF*/
        -:  900:/*EOF*/
        -:  901:/*EOF*/
        -:  902:/*EOF*/
        -:  903:/*EOF*/
        -:  904:/*EOF*/
        -:  905:/*EOF*/
        -:  906:/*EOF*/
        -:  907:/*EOF*/
        -:  908:/*EOF*/
        -:  909:/*EOF*/
        -:  910:/*EOF*/
        -:  911:/*EOF*/
        -:  912:/*EOF*/
        -:  913:/*EOF*/
        -:  914:/*EOF*/
        -:  915:/*EOF*/
        -:  916:/*EOF*/
        -:  917:/*EOF*/
        -:  918:/*EOF*/
        -:  919:/*EOF*/
        -:  920:/*EOF*/
        -:  921:/*EOF*/
        -:  922:/*EOF*/
        -:  923:/*EOF*/
        -:  924:/*EOF*/
        -:  925:/*EOF*/
        -:  926:/*EOF*/
        -:  927:/*EOF*/
        -:  928:/*EOF*/
        -:  929:/*EOF*/
        -:  930:/*EOF*/
        -:  931:/*EOF*/
        -:  932:/*EOF*/
        -:  933:/*EOF*/
        -:  934:/*EOF*/
        -:  935:/*EOF*/
        -:  936:/*EOF*/
        -:  937:/*EOF*/
        -:  938:/*EOF*/
        -:  939:/*EOF*/
        -:  940:/*EOF*/
        -:  941:/*EOF*/
        -:  942:/*EOF*/
        -:  943:/*EOF*/
        -:  944:/*EOF*/
        -:  945:/*EOF*/
        -:  946:/*EOF*/
        -:  947:/*EOF*/
        -:  948:/*EOF*/
        -:  949:/*EOF*/
        -:  950:/*EOF*/
        -:  951:/*EOF*/
        -:  952:/*EOF*/
        -:  953:/*EOF*/
        -:  954:/*EOF*/
        -:  955:/*EOF*/
        -:  956:/*EOF*/
        -:  957:/*EOF*/
        -:  958:/*EOF*/
        -:  959:/*EOF*/
        -:  960:/*EOF*/
        -:  961:/*EOF*/
        -:  962:/*EOF*/
        -:  963:/*EOF*/
        -:  964:/*EOF*/
        -:  965:/*EOF*/
        -:  966:/*EOF*/
        -:  967:/*EOF*/
        -:  968:/*EOF*/
        -:  969:/*EOF*/
        -:  970:/*EOF*/
        -:  971:/*EOF*/
        -:  972:/*EOF*/
        -:  973:/*EOF*/
        -:  974:/*EOF*/
        -:  975:/*EOF*/
        -:  976:/*EOF*/
        -:  977:/*EOF*/
        -:  978:/*EOF*/
        -:  979:/*EOF*/
        -:  980:/*EOF*/
        -:  981:/*EOF*/
        -:  982:/*EOF*/
        -:  983:/*EOF*/
        -:  984:/*EOF*/
        -:  985:/*EOF*/
        -:  986:/*EOF*/
        -:  987:/*EOF*/
        -:  988:/*EOF*/
        -:  989:/*EOF*/
        -:  990:/*EOF*/
        -:  991:/*EOF*/
        -:  992:/*EOF*/
        -:  993:/*EOF*/
        -:  994:/*EOF*/
        -:  995:/*EOF*/
        -:  996:/*EOF*/
        -:  997:/*EOF*/
        -:  998:/*EOF*/
        -:  999:/*EOF*/
        -: 1000:/*EOF*/
        -: 1001:/*EOF*/
        -: 1002:/*EOF*/
        -: 1003:/*EOF*/
        -: 1004:/*EOF*/
        -: 1005:/*EOF*/
        -: 1006:/*EOF*/
        -: 1007:/*EOF*/
        -: 1008:/*EOF*/
        -: 1009:/*EOF*/
        -: 1010:/*EOF*/
        -: 1011:/*EOF*/
        -: 1012:/*EOF*/
        -: 1013:/*EOF*/
        -: 1014:/*EOF*/
        -: 1015:/*EOF*/
        -: 1016:/*EOF*/
        -: 1017:/*EOF*/
        -: 1018:/*EOF*/
        -: 1019:/*EOF*/
        -: 1020:/*EOF*/
        -: 1021:/*EOF*/
        -: 1022:/*EOF*/
        -: 1023:/*EOF*/
        -: 1024:/*EOF*/
        -: 1025:/*EOF*/
        -: 1026:/*EOF*/
        -: 1027:/*EOF*/
        -: 1028:/*EOF*/
        -: 1029:/*EOF*/
        -: 1030:/*EOF*/
        -: 1031:/*EOF*/
        -: 1032:/*EOF*/
        -: 1033:/*EOF*/
        -: 1034:/*EOF*/
        -: 1035:/*EOF*/
        -: 1036:/*EOF*/
        -: 1037:/*EOF*/
        -: 1038:/*EOF*/
        -: 1039:/*EOF*/
        -: 1040:/*EOF*/
        -: 1041:/*EOF*/
        -: 1042:/*EOF*/
        -: 1043:/*EOF*/
        -: 1044:/*EOF*/
        -: 1045:/*EOF*/
        -: 1046:/*EOF*/
        -: 1047:/*EOF*/
        -: 1048:/*EOF*/
        -: 1049:/*EOF*/
        -: 1050:/*EOF*/
        -: 1051:/*EOF*/
        -: 1052:/*EOF*/
        -: 1053:/*EOF*/
        -: 1054:/*EOF*/
        -: 1055:/*EOF*/
        -: 1056:/*EOF*/
        -: 1057:/*EOF*/
        -: 1058:/*EOF*/
        -: 1059:/*EOF*/
        -: 1060:/*EOF*/
        -: 1061:/*EOF*/
        -: 1062:/*EOF*/
        -: 1063:/*EOF*/
        -: 1064:/*EOF*/
        -: 1065:/*EOF*/
        -: 1066:/*EOF*/
        -: 1067:/*EOF*/
        -: 1068:/*EOF*/
        -: 1069:/*EOF*/
        -: 1070:/*EOF*/
        -: 1071:/*EOF*/
        -: 1072:/*EOF*/
        -: 1073:/*EOF*/
        -: 1074:/*EOF*/
        -: 1075:/*EOF*/
        -: 1076:/*EOF*/
        -: 1077:/*EOF*/
        -: 1078:/*EOF*/
        -: 1079:/*EOF*/
        -: 1080:/*EOF*/
        -: 1081:/*EOF*/
        -: 1082:/*EOF*/
        -: 1083:/*EOF*/
        -: 1084:/*EOF*/
        -: 1085:/*EOF*/
        -: 1086:/*EOF*/
        -: 1087:/*EOF*/
        -: 1088:/*EOF*/
        -: 1089:/*EOF*/
function yy_symbol_print.isra.1 called 0 returned 0% blocks executed 0%
    #####: 1090:/*EOF*/
        -: 1091:/*EOF*/
    #####: 1092:/*EOF*/
branch  0 never executed
branch  1 never executed
call    2 never executed
        -: 1093:/*EOF*/
        -: 1094:/*EOF*/
        -: 1095:/*EOF*/
    #####: 1096:/*EOF*/
call    0 never executed
        -: 1097:/*EOF*/
    #####: 1098:/*EOF*/
call    0 never executed
    #####: 1099:/*EOF*/
        -: 1100:/*EOF*/
        -: 1101:/*EOF*/
        -: 1102:/*EOF*/
        -: 1103:/*EOF*/
        -: 1104:/*EOF*/
        -: 1105:/*EOF*/
        -: 1106:/*EOF*/
function yy_stack_print called 0 returned 0% blocks executed 0%
    #####: 1107:/*EOF*/
        -: 1108:/*EOF*/
    #####: 1109:/*EOF*/
call    0 never executed
    #####: 1110:/*EOF*/
branch  0 never executed
branch  1 never executed
        -: 1111:/*EOF*/
    #####: 1112:/*EOF*/
    #####: 1113:/*EOF*/
call    0 never executed
        -: 1114:/*EOF*/
    #####: 1115:/*EOF*/
call    0 never executed
    #####: 1116:/*EOF*/
        -: 1117:/*EOF*/
        -: 1118:/*EOF*/
        -: 1119:/*EOF*/
        -: 1120:/*EOF*/
        -: 1121:/*EOF*/
        -: 1122:/*EOF*/
        -: 1123:/*EOF*/
        -: 1124:/*EOF*/
        -: 1125:/*EOF*/
        -: 1126:/*EOF*/
        -: 1127:/*EOF*/
        -: 1128:/*EOF*/
        -: 1129:/*EOF*/
function yy_reduce_print.isra.2 called 0 returned 0% blocks executed 0%
    #####: 1130:/*EOF*/
        -: 1131:/*EOF*/
    #####: 1132:/*EOF*/
    #####: 1133:/*EOF*/
        -: 1134:/*EOF*/
    #####: 1135:/*EOF*/
call    0 never executed
        -: 1136:/*EOF*/
        -: 1137:/*EOF*/
    #####: 1138:/*EOF*/
branch  0 never executed
branch  1 never executed
        -: 1139:/*EOF*/
    #####: 1140:/*EOF*/
call    0 never executed
    #####: 1141:/*EOF*/
call    0 never executed
    #####: 1142:/*EOF*/
        -: 1143:/*EOF*/
        -: 1144:/*EOF*/
    #####: 1145:/*EOF*/
call    0 never executed
        -: 1146:/*EOF*/
    #####: 1147:/*EOF*/
        -: 1148:/*EOF*/
        -: 1149:/*EOF*/
        -: 1150:/*EOF*/
        -: 1151:/*EOF*/
        -: 1152:/*EOF*/
        -: 1153:/*EOF*/
        -: 1154:/*EOF*/
        -: 1155:/*EOF*/
        -: 1156:/*EOF*/
        -: 1157:/*EOF*/
        -: 1158:/*EOF*/
        -: 1159:/*EOF*/
        -: 1160:/*EOF*/
        -: 1161:/*EOF*/
        -: 1162:/*EOF*/
        -: 1163:/*EOF*/
        -: 1164:/*EOF*/
        -: 1165:/*EOF*/
        -: 1166:/*EOF*/
        -: 1167:/*EOF*/
        -: 1168:/*EOF*/
        -: 1169:/*EOF*/
        -: 1170:/*EOF*/
        -: 1171:/*EOF*/
        -: 1172:/*EOF*/
        -: 1173:/*EOF*/
        -: 1174:/*EOF*/
        -: 1175:/*EOF*/
        -: 1176:/*EOF*/
        -: 1177:/*EOF*/
        -: 1178:/*EOF*/
        -: 1179:/*EOF*/
        -: 1180:/*EOF*/
        -: 1181:/*EOF*/
        -: 1182:/*EOF*/
        -: 1183:/*EOF*/
        -: 1184:/*EOF*/
        -: 1185:/*EOF*/
        -: 1186:/*EOF*/
        -: 1187:/*EOF*/
        -: 1188:/*EOF*/
        -: 1189:/*EOF*/
        -: 1190:/*EOF*/
        -: 1191:/*EOF*/
        -: 1192:/*EOF*/
        -: 1193:/*EOF*/
        -: 1194:/*EOF*/
        -: 1195:/*EOF*/
        -: 1196:/*EOF*/
        -: 1197:/*EOF*/
        -: 1198:/*EOF*/
        -: 1199:/*EOF*/
        -: 1200:/*EOF*/
        -: 1201:/*EOF*/
        -: 1202:/*EOF*/
        -: 1203:/*EOF*/
        -: 1204:/*EOF*/
        -: 1205:/*EOF*/
        -: 1206:/*EOF*/
        -: 1207:/*EOF*/
        -: 1208:/*EOF*/
        -: 1209:/*EOF*/
        -: 1210:/*EOF*/
        -: 1211:/*EOF*/
        -: 1212:/*EOF*/
        -: 1213:/*EOF*/
        -: 1214:/*EOF*/
        -: 1215:/*EOF*/
        -: 1216:/*EOF*/
        -: 1217:/*EOF*/
        -: 1218:/*EOF*/
        -: 1219:/*EOF*/
        -: 1220:/*EOF*/
        -: 1221:/*EOF*/
        -: 1222:/*EOF*/
        -: 1223:/*EOF*/
        -: 1224:/*EOF*/
        -: 1225:/*EOF*/
        -: 1226:/*EOF*/
        -: 1227:/*EOF*/
        -: 1228:/*EOF*/
        -: 1229:/*EOF*/
function yytnamerr called 0 returned 0% blocks executed 0%
    #####: 1230:/*EOF*/
        -: 1231:/*EOF*/
    #####: 1232:/*EOF*/
branch  0 never executed
branch  1 never executed
        -: 1233:/*EOF*/
        -: 1234:/*EOF*/
        -: 1235:/*EOF*/
        -: 1236:/*EOF*/
        -: 1237:/*EOF*/
    #####: 1238:/*EOF*/
branch  0 never executed
branch  1 never executed
branch  2 never executed
branch  3 never executed
        -: 1239:/*EOF*/
        -: 1240:/*EOF*/
        -: 1241:/*EOF*/
        -: 1242:/*EOF*/
        -: 1243:/*EOF*/
        -: 1244:/*EOF*/
    #####: 1245:/*EOF*/
branch  0 never executed
branch  1 never executed
        -: 1246:/*EOF*/
        -: 1247:/*EOF*/
        -: 1248:/*EOF*/
    #####: 1249:/*EOF*/
branch  0 never executed
branch  1 never executed
    #####: 1250:/*EOF*/
    #####: 1251:/*EOF*/
        -: 1252:/*EOF*/
        -: 1253:/*EOF*/
        -: 1254:/*EOF*/
    #####: 1255:/*EOF*/
branch  0 never executed
branch  1 never executed
    #####: 1256:/*EOF*/
    #####: 1257:/*EOF*/
        -: 1258:/*EOF*/
    #####: 1259:/*EOF*/
        -: 1260:/*EOF*/
        -: 1261:/*EOF*/
    #####: 1262:/*EOF*/
branch  0 never executed
branch  1 never executed
    #####: 1263:/*EOF*/
        -: 1264:/*EOF*/
    #####: 1265:/*EOF*/
        -: 1266:/*EOF*/
        -: 1267:/*EOF*/
        -: 1268:/*EOF*/
        -: 1269:/*EOF*/
        -: 1270:/*EOF*/
        -: 1271:/*EOF*/
        -: 1272:/*EOF*/
        -: 1273:/*EOF*/
        -: 1274:/*EOF*/
        -: 1275:/*EOF*/
        -: 1276:/*EOF*/
        -: 1277:/*EOF*/
function yysyntax_error called 0 returned 0% blocks executed 0%
    #####: 1278:/*EOF*/
        -: 1279:/*EOF*/
        -: 1280:/*EOF*/
    #####: 1281:/*EOF*/
call    0 never executed
        -: 1282:/*EOF*/
        -: 1283:/*EOF*/
        -: 1284:/*EOF*/
        -: 1285:/*EOF*/
        -: 1286:/*EOF*/
        -: 1287:/*EOF*/
        -: 1288:/*EOF*/
        -: 1289:/*EOF*/
        -: 1290:/*EOF*/
        -: 1291:/*EOF*/
        -: 1292:/*EOF*/
        -: 1293:/*EOF*/
        -: 1294:/*EOF*/
        -: 1295:/*EOF*/
        -: 1296:/*EOF*/
        -: 1297:/*EOF*/
        -: 1298:/*EOF*/
        -: 1299:/*EOF*/
        -: 1300:/*EOF*/
        -: 1301:/*EOF*/
        -: 1302:/*EOF*/
        -: 1303:/*EOF*/
        -: 1304:/*EOF*/
        -: 1305:/*EOF*/
        -: 1306:/*EOF*/
        -: 1307:/*EOF*/
        -: 1308:/*EOF*/
        -: 1309:/*EOF*/
        -: 1310:/*EOF*/
        -: 1311:/*EOF*/
        -: 1312:/*EOF*/
        -: 1313:/*EOF*/
        -: 1314:/*EOF*/
    #####: 1315:/*EOF*/
branch  0 never executed
branch  1 never executed
        -: 1316:/*EOF*/
    #####: 1317:/*EOF*/
    #####: 1318:/*EOF*/
    #####: 1319:/*EOF*/
branch  0 never executed
branch  1 never executed
        -: 1320:/*EOF*/
        -: 1321:/*EOF*/
        -: 1322:/*EOF*/
        -: 1323:/*EOF*/
    #####: 1324:/*EOF*/
branch  0 never executed
branch  1 never executed
        -: 1325:/*EOF*/
    #####: 1326:/*EOF*/
    #####: 1327:/*EOF*/
        -: 1328:/*EOF*/
        -: 1329:/*EOF*/
    #####: 1330:/*EOF*/
branch  0 never executed
branch  1 never executed
    #####: 1331:/*EOF*/
branch  0 never executed
branch  1 never executed
    #####: 1332:/*EOF*/
branch  0 never executed
branch  1 never executed
        -: 1333:/*EOF*/
    #####: 1334:/*EOF*/
branch  0 never executed
branch  1 never executed
        -: 1335:/*EOF*/
        -: 1336:/*EOF*/
        -: 1337:/*EOF*/
        -: 1338:/*EOF*/
        -: 1339:/*EOF*/
    #####: 1340:/*EOF*/
        -: 1341:/*EOF*/
    #####: 1342:/*EOF*/
call    0 never executed
    #####: 1343:/*EOF*/
branch  0 never executed
branch  1 never executed
        -: 1344:/*EOF*/
        -: 1345:/*EOF*/
        -: 1346:/*EOF*/
        -: 1347:/*EOF*/
        -: 1348:/*EOF*/
        -: 1349:/*EOF*/
        -: 1350:/*EOF*/
        -: 1351:/*EOF*/
    #####: 1352:/*EOF*/
branch  0 never executed
branch  1 never executed
branch  2 never executed
branch  3 never executed
branch  4 never executed
branch  5 never executed
branch  6 never executed
        -: 1353:/*EOF*/
        -: 1354:/*EOF*/
        -: 1355:/*EOF*/
        -: 1356:/*EOF*/
        -: 1357:/*EOF*/
    #####: 1358:/*EOF*/
call    0 never executed
    #####: 1359:/*EOF*/
call    0 never executed
    #####: 1360:/*EOF*/
call    0 never executed
    #####: 1361:/*EOF*/
call    0 never executed
    #####: 1362:/*EOF*/
call    0 never executed
    #####: 1363:/*EOF*/
call    0 never executed
        -: 1364:/*EOF*/
        -: 1365:/*EOF*/
        -: 1366:/*EOF*/
        -: 1367:/*EOF*/
    #####: 1368:/*EOF*/
    #####: 1369:/*EOF*/
branch  0 never executed
branch  1 never executed
        -: 1370:/*EOF*/
        -: 1371:/*EOF*/
        -: 1372:/*EOF*/
        -: 1373:/*EOF*/
    #####: 1374:/*EOF*/
branch  0 never executed
branch  1 never executed
        -: 1375:/*EOF*/
    #####: 1376:/*EOF*/
    #####: 1377:/*EOF*/
branch  0 never executed
branch  1 never executed
        -: 1378:/*EOF*/
    #####: 1379:/*EOF*/
        -: 1380:/*EOF*/
        -: 1381:/*EOF*/
        -: 1382:/*EOF*/
        -: 1383:/*EOF*/
        -: 1384:/*EOF*/
        -: 1385:/*EOF*/
        -: 1386:/*EOF*/
    #####: 1387:/*EOF*/
        -: 1388:/*EOF*/
    #####: 1389:/*EOF*/
branch  0 never executed
branch  1 never executed
    #####: 1390:/*EOF*/
branch  0 never executed
branch  1 never executed
branch  2 never executed
branch  3 never executed
branch  4 never executed
branch  5 never executed
        -: 1391:/*EOF*/
    #####: 1392:/*EOF*/
call    0 never executed
    #####: 1393:/*EOF*/
        -: 1394:/*EOF*/
        -: 1395:/*EOF*/
        -: 1396:/*EOF*/
    #####: 1397:/*EOF*/
    #####: 1398:/*EOF*/
        -: 1399:/*EOF*/
        -: 1400:/*EOF*/
        -: 1401:/*EOF*/
        -: 1402:/*EOF*/
        -: 1403:/*EOF*/
        -: 1404:/*EOF*/
        -: 1405:/*EOF*/
        -: 1406:/*EOF*/
        -: 1407:/*EOF*/
        -: 1408:/*EOF*/
        -: 1409:/*EOF*/
function yydestruct.isra.3 called 2 returned 100% blocks executed 50%
        2: 1410:/*EOF*/
        -: 1411:/*EOF*/
        -: 1412:/*EOF*/
        -: 1413:/*EOF*/
        -: 1414:/*EOF*/
        -: 1415:/*EOF*/
        2: 1416:/*EOF*/
branch  0 taken 0% (fallthrough)
branch  1 taken 100%
        -: 1417:/*EOF*/
        2: 1418:/*EOF*/
branch  0 taken 0% (fallthrough)
branch  1 taken 100%
call    2 never executed
call    3 never executed
call    4 never executed
        -: 1419:/*EOF*/
        -: 1420:/*EOF*/
        -: 1421:/*EOF*/
        -: 1422:/*EOF*/
        2: 1423:/*EOF*/
        -: 1424:/*EOF*/
        -: 1425:/*EOF*/
        -: 1426:/*EOF*/
        -: 1427:/*EOF*/
        -: 1428:/*EOF*/
        -: 1429:/*EOF*/
        -: 1430:/*EOF*/
        -: 1431:/*EOF*/
        -: 1432:/*EOF*/
function yyparse called 1 returned 100% blocks executed 36%
        1: 1433:/*EOF*/
        -: 1434:/*EOF*/
        -: 1435:/*EOF*/
        -: 1436:/*EOF*/
        -: 1437:/*EOF*/
        -: 1438:/*EOF*/
        -: 1439:/*EOF*/
        -: 1440:/*EOF*/
        -: 1441:/*EOF*/
        -: 1442:/*EOF*/
        -: 1443:/*EOF*/
        -: 1444:/*EOF*/
        -: 1445:/*EOF*/
        -: 1446:/*EOF*/
        -: 1447:/*EOF*/
        -: 1448:/*EOF*/
        -: 1449:/*EOF*/
        -: 1450:/*EOF*/
        1: 1451:/*EOF*/
        -: 1452:/*EOF*/
        -: 1453:/*EOF*/
        -: 1454:/*EOF*/
        -: 1455:/*EOF*/
        -: 1456:/*EOF*/
        -: 1457:/*EOF*/
        -: 1458:/*EOF*/
        -: 1459:/*EOF*/
        -: 1460:/*EOF*/
        -: 1461:/*EOF*/
        -: 1462:/*EOF*/
        -: 1463:/*EOF*/
        -: 1464:/*EOF*/
        -: 1465:/*EOF*/
        -: 1466:/*EOF*/
        -: 1467:/*EOF*/
        -: 1468:/*EOF*/
        -: 1469:/*EOF*/
        -: 1470:/*EOF*/
        -: 1471:/*EOF*/
        -: 1472:/*EOF*/
        -: 1473:/*EOF*/
        -: 1474:/*EOF*/
        -: 1475:/*EOF*/
        -: 1476:/*EOF*/
        -: 1477:/*EOF*/
        -: 1478:/*EOF*/
        -: 1479:/*EOF*/
        -: 1480:/*EOF*/
        -: 1481:/*EOF*/
        -: 1482:/*EOF*/
        -: 1483:/*EOF*/
        -: 1484:/*EOF*/
        -: 1485:/*EOF*/
        -: 1486:/*EOF*/
        -: 1487:/*EOF*/
        -: 1488:/*EOF*/
        -: 1489:/*EOF*/
        -: 1490:/*EOF*/
        -: 1491:/*EOF*/
        -: 1492:/*EOF*/
        -: 1493:/*EOF*/
        -: 1494:/*EOF*/
        -: 1495:/*EOF*/
        -: 1496:/*EOF*/
        -: 1497:/*EOF*/
        -: 1498:/*EOF*/
        -: 1499:/*EOF*/
        1: 1500:/*EOF*/
        1: 1501:/*EOF*/
        -: 1502:/*EOF*/
        -: 1503:/*EOF*/
        -: 1504:/*EOF*/
        -: 1505:/*EOF*/
        -: 1506:/*EOF*/
        -: 1507:/*EOF*/
        -: 1508:/*EOF*/
        -: 1509:/*EOF*/
        -: 1510:/*EOF*/
        -: 1511:/*EOF*/
        -: 1512:/*EOF*/
        -: 1513:/*EOF*/
        -: 1514:/*EOF*/
        1: 1515:/*EOF*/
branch  0 taken 0% (fallthrough)
branch  1 taken 100%
call    2 never executed
        -: 1516:/*EOF*/
        -: 1517:/*EOF*/
        -: 1518:/*EOF*/
        -: 1519:/*EOF*/
        -: 1520:/*EOF*/
        1: 1521:/*EOF*/
        1: 1522:/*EOF*/
        -: 1523:/*EOF*/
        -: 1524:/*EOF*/
        -: 1525:/*EOF*/
        -: 1526:/*EOF*/
        -: 1527:/*EOF*/
        -: 1528:/*EOF*/
        -: 1529:/*EOF*/
      765: 1530:/*EOF*/
        -: 1531:/*EOF*/
        -: 1532:/*EOF*/
      766: 1533:/*EOF*/
        -: 1534:/*EOF*/
      766: 1535:/*EOF*/
branch  0 taken 0% (fallthrough)
branch  1 taken 100%
        -: 1536:/*EOF*/
        -: 1537:/*EOF*/
    #####: 1538:/*EOF*/
        -: 1539:/*EOF*/
        -: 1540:/*EOF*/
        -: 1541:/*EOF*/
        -: 1542:/*EOF*/
        -: 1543:/*EOF*/
        -: 1544:/*EOF*/
        -: 1545:/*EOF*/
        -: 1546:/*EOF*/
        -: 1547:/*EOF*/
        -: 1548:/*EOF*/
        -: 1549:/*EOF*/
        -: 1550:/*EOF*/
        -: 1551:/*EOF*/
        -: 1552:/*EOF*/
        -: 1553:/*EOF*/
        -: 1554:/*EOF*/
        -: 1555:/*EOF*/
        -: 1556:/*EOF*/
        -: 1557:/*EOF*/
        -: 1558:/*EOF*/
        -: 1559:/*EOF*/
        -: 1560:/*EOF*/
        -: 1561:/*EOF*/
        -: 1562:/*EOF*/
        -: 1563:/*EOF*/
        -: 1564:/*EOF*/
        -: 1565:/*EOF*/
        -: 1566:/*EOF*/
        -: 1567:/*EOF*/
    #####: 1568:/*EOF*/
branch  0 never executed
branch  1 never executed
        -: 1569:/*EOF*/
        -: 1570:/*EOF*/
    #####: 1571:/*EOF*/
branch  0 never executed
branch  1 never executed
        -: 1572:/*EOF*/
        -: 1573:/*EOF*/
        -: 1574:/*EOF*/
        -: 1575:/*EOF*/
    #####: 1576:/*EOF*/
    #####: 1577:/*EOF*/
    #####: 1578:/*EOF*/
branch  0 never executed
branch  1 never executed
        -: 1579:/*EOF*/
    #####: 1580:/*EOF*/
    #####: 1581:/*EOF*/
    #####: 1582:/*EOF*/
        -: 1583:/*EOF*/
    #####: 1584:/*EOF*/
branch  0 never executed
branch  1 never executed
    #####: 1585:/*EOF*/
        -: 1586:/*EOF*/
        -: 1587:/*EOF*/
        -: 1588:/*EOF*/
        -: 1589:/*EOF*/
    #####: 1590:/*EOF*/
    #####: 1591:/*EOF*/
    #####: 1592:/*EOF*/
        -: 1593:/*EOF*/
    #####: 1594:/*EOF*/
branch  0 never executed
branch  1 never executed
call    2 never executed
        -: 1595:/*EOF*/
        -: 1596:/*EOF*/
    #####: 1597:/*EOF*/
branch  0 never executed
branch  1 never executed
        -: 1598:/*EOF*/
        -: 1599:/*EOF*/
        -: 1600:/*EOF*/
      766: 1601:/*EOF*/
branch  0 taken 0% (fallthrough)
branch  1 taken 100%
call    2 never executed
        -: 1602:/*EOF*/
      766: 1603:/*EOF*/
branch  0 taken 99% (fallthrough)
branch  1 taken 1%
        -: 1604:/*EOF*/
        -: 1605:/*EOF*/
        -: 1606:/*EOF*/
        -: 1607:/*EOF*/
        -: 1608:/*EOF*/
        -: 1609:/*EOF*/
        -: 1610:/*EOF*/
        -: 1611:/*EOF*/
        -: 1612:/*EOF*/
        -: 1613:/*EOF*/
        -: 1614:/*EOF*/
        -: 1615:/*EOF*/
        -: 1616:/*EOF*/
      765: 1617:/*EOF*/
      765: 1618:/*EOF*/
branch  0 taken 59% (fallthrough)
branch  1 taken 41%
        -: 1619:/*EOF*/
        -: 1620:/*EOF*/
        -: 1621:/*EOF*/
        -: 1622:/*EOF*/
        -: 1623:/*EOF*/
      449: 1624:/*EOF*/
branch  0 taken 65% (fallthrough)
branch  1 taken 35%
        -: 1625:/*EOF*/
      293: 1626:/*EOF*/
branch  0 taken 0% (fallthrough)
branch  1 taken 100%
call    2 never executed
      293: 1627:/*EOF*/
call    0 returned 100%
        -: 1628:/*EOF*/
        -: 1629:/*EOF*/
      449: 1630:/*EOF*/
branch  0 taken 1% (fallthrough)
branch  1 taken 99%
        -: 1631:/*EOF*/
        -: 1632:/*EOF*/
        3: 1633:/*EOF*/
branch  0 taken 0% (fallthrough)
branch  1 taken 100%
call    2 never executed
        -: 1634:/*EOF*/
        -: 1635:/*EOF*/
        -: 1636:/*EOF*/
      446: 1637:/*EOF*/
branch  0 taken 100% (fallthrough)
branch  1 taken 0%
      446: 1638:/*EOF*/
branch  0 taken 0% (fallthrough)
branch  1 taken 100%
call    2 never executed
call    3 never executed
call    4 never executed
        -: 1639:/*EOF*/
        -: 1640:/*EOF*/
        -: 1641:/*EOF*/
        -: 1642:/*EOF*/
      449: 1643:/*EOF*/
      449: 1644:/*EOF*/
branch  0 taken 100% (fallthrough)
branch  1 taken 0%
branch  2 taken 65% (fallthrough)
branch  3 taken 35%
        -: 1645:/*EOF*/
      293: 1646:/*EOF*/
      293: 1647:/*EOF*/
branch  0 taken 0% (fallthrough)
branch  1 taken 100%
        -: 1648:/*EOF*/
        -: 1649:/*EOF*/
        -: 1650:/*EOF*/
    #####: 1651:/*EOF*/
    #####: 1652:/*EOF*/
        -: 1653:/*EOF*/
        -: 1654:/*EOF*/
        -: 1655:/*EOF*/
        -: 1656:/*EOF*/
      293: 1657:/*EOF*/
branch  0 taken 0% (fallthrough)
branch  1 taken 100%
    #####: 1658:/*EOF*/
        -: 1659:/*EOF*/
        -: 1660:/*EOF*/
      293: 1661:/*EOF*/
branch  0 taken 0% (fallthrough)
branch  1 taken 100%
call    2 never executed
call    3 never executed
call    4 never executed
        -: 1662:/*EOF*/
        -: 1663:/*EOF*/
        -: 1664:/*EOF*/
        -: 1665:/*EOF*/
        -: 1666:/*EOF*/
        -: 1667:/*EOF*/
      293: 1668:/*EOF*/
        -: 1669:/*EOF*/
      293: 1670:/*EOF*/
      293: 1671:/*EOF*/
        -: 1672:/*EOF*/
        -: 1673:/*EOF*/
        -: 1674:/*EOF*/
        -: 1675:/*EOF*/
        -: 1676:/*EOF*/
        -: 1677:/*EOF*/
      472: 1678:/*EOF*/
      472: 1679:/*EOF*/
branch  0 taken 100% (fallthrough)
branch  1 taken 0%
        -: 1680:/*EOF*/
        -: 1681:/*EOF*/
        -: 1682:/*EOF*/
        -: 1683:/*EOF*/
        -: 1684:/*EOF*/
        -: 1685:/*EOF*/
        -: 1686:/*EOF*/
        -: 1687:/*EOF*/
        -: 1688:/*EOF*/
      472: 1689:/*EOF*/
        -: 1690:/*EOF*/
        -: 1691:/*EOF*/
        -: 1692:/*EOF*/
        -: 1693:/*EOF*/
        -: 1694:/*EOF*/
        -: 1695:/*EOF*/
        -: 1696:/*EOF*/
        -: 1697:/*EOF*/
        -: 1698:/*EOF*/
      472: 1699:/*EOF*/
        -: 1700:/*EOF*/
        -: 1701:/*EOF*/
      472: 1702:/*EOF*/
branch  0 taken 100% (fallthrough)
branch  1 taken 0%
      472: 1703:/*EOF*/
branch  0 taken 0% (fallthrough)
branch  1 taken 100%
call    2 never executed
      472: 1704:/*EOF*/
branch  0 taken 10%
branch  1 taken 0%
branch  2 taken 1%
branch  3 taken 0%
branch  4 taken 7%
branch  5 taken 3%
branch  6 taken 1%
branch  7 taken 1%
branch  8 taken 2%
branch  9 taken 1%
branch 10 taken 0%
branch 11 taken 1%
branch 12 taken 1%
branch 13 taken 1%
branch 14 taken 0%
branch 15 taken 1%
branch 16 taken 1%
branch 17 taken 1%
branch 18 taken 1%
branch 19 taken 0%
branch 20 taken 0%
branch 21 taken 0%
branch 22 taken 0%
branch 23 taken 0%
branch 24 taken 0%
branch 25 taken 0%
branch 26 taken 0%
branch 27 taken 0%
branch 28 taken 0%
branch 29 taken 0%
branch 30 taken 0%
branch 31 taken 0%
branch 32 taken 0%
branch 33 taken 0%
branch 34 taken 0%
branch 35 taken 1%
branch 36 taken 10%
branch 37 taken 2%
branch 38 taken 0%
branch 39 taken 0%
branch 40 taken 3%
branch 41 taken 1%
branch 42 taken 1%
branch 43 taken 1%
branch 44 taken 1%
branch 45 taken 7%
branch 46 taken 0%
branch 47 taken 0%
branch 48 taken 2%
branch 49 taken 0%
branch 50 taken 0%
branch 51 taken 0%
branch 52 taken 0%
branch 53 taken 0%
branch 54 taken 0%
branch 55 taken 0%
branch 56 taken 0%
branch 57 taken 1%
branch 58 taken 1%
branch 59 taken 0%
branch 60 taken 1%
branch 61 taken 0%
branch 62 taken 1%
branch 63 taken 0%
branch 64 taken 0%
branch 65 taken 0%
branch 66 taken 1%
branch 67 taken 1%
branch 68 taken 1%
branch 69 taken 8%
branch 70 taken 0%
branch 71 taken 8%
branch 72 taken 1%
branch 73 taken 0%
branch 74 taken 1%
branch 75 taken 1%
branch 76 taken 0%
branch 77 taken 0%
branch 78 taken 0%
branch 79 taken 0%
branch 80 taken 0%
branch 81 taken 0%
branch 82 taken 0%
branch 83 taken 0%
branch 84 taken 0%
branch 85 taken 0%
branch 86 taken 0%
branch 87 taken 0%
branch 88 taken 0%
branch 89 taken 0%
branch 90 taken 0%
branch 91 taken 0%
branch 92 taken 22%
        -: 1705:/*EOF*/
        -: 1706:/*EOF*/
        -: 1707:/*EOF*/
        -: 1708:/*EOF*/
        -: 1709:/*EOF*/
       47: 1710:/*EOF*/
        -: 1711:/*EOF*/
        -: 1712:/*EOF*/
        -: 1713:/*EOF*/
        -: 1714:/*EOF*/
        -: 1715:/*EOF*/
    #####: 1716:/*EOF*/
        -: 1717:/*EOF*/
        -: 1718:/*EOF*/
        -: 1719:/*EOF*/
        -: 1720:/*EOF*/
        -: 1721:/*EOF*/
        1: 1722:/*EOF*/
        -: 1723:/*EOF*/
        -: 1724:/*EOF*/
        -: 1725:/*EOF*/
        -: 1726:/*EOF*/
        -: 1727:/*EOF*/
    #####: 1728:/*EOF*/
        -: 1729:/*EOF*/
        -: 1730:/*EOF*/
        -: 1731:/*EOF*/
        -: 1732:/*EOF*/
        -: 1733:/*EOF*/
       31: 1734:/*EOF*/
        -: 1735:/*EOF*/
        -: 1736:/*EOF*/
        -: 1737:/*EOF*/
        -: 1738:/*EOF*/
        -: 1739:/*EOF*/
       14: 1740:/*EOF*/
        -: 1741:/*EOF*/
        -: 1742:/*EOF*/
        -: 1743:/*EOF*/
        -: 1744:/*EOF*/
        -: 1745:/*EOF*/
        6: 1746:/*EOF*/
        -: 1747:/*EOF*/
        -: 1748:/*EOF*/
        -: 1749:/*EOF*/
        -: 1750:/*EOF*/
        -: 1751:/*EOF*/
        2: 1752:/*EOF*/
        -: 1753:/*EOF*/
        -: 1754:/*EOF*/
        -: 1755:/*EOF*/
        -: 1756:/*EOF*/
        -: 1757:/*EOF*/
       10: 1758:/*EOF*/
        -: 1759:/*EOF*/
        -: 1760:/*EOF*/
        -: 1761:/*EOF*/
        -: 1762:/*EOF*/
        -: 1763:/*EOF*/
        1: 1764:/*EOF*/
        -: 1765:/*EOF*/
        -: 1766:/*EOF*/
        -: 1767:/*EOF*/
        -: 1768:/*EOF*/
        -: 1769:/*EOF*/
    #####: 1770:/*EOF*/
        -: 1771:/*EOF*/
        -: 1772:/*EOF*/
        -: 1773:/*EOF*/
        -: 1774:/*EOF*/
        -: 1775:/*EOF*/
        1: 1776:/*EOF*/
        -: 1777:/*EOF*/
        -: 1778:/*EOF*/
        -: 1779:/*EOF*/
        -: 1780:/*EOF*/
        -: 1781:/*EOF*/
        4: 1782:/*EOF*/
        -: 1783:/*EOF*/
        -: 1784:/*EOF*/
        -: 1785:/*EOF*/
        -: 1786:/*EOF*/
        -: 1787:/*EOF*/
        5: 1788:/*EOF*/
        -: 1789:/*EOF*/
        -: 1790:/*EOF*/
        -: 1791:/*EOF*/
        -: 1792:/*EOF*/
        -: 1793:/*EOF*/
    #####: 1794:/*EOF*/
        -: 1795:/*EOF*/
        -: 1796:/*EOF*/
        -: 1797:/*EOF*/
        -: 1798:/*EOF*/
        -: 1799:/*EOF*/
        5: 1800:/*EOF*/
        -: 1801:/*EOF*/
        -: 1802:/*EOF*/
        -: 1803:/*EOF*/
        -: 1804:/*EOF*/
        -: 1805:/*EOF*/
        4: 1806:/*EOF*/
        -: 1807:/*EOF*/
        -: 1808:/*EOF*/
        -: 1809:/*EOF*/
        -: 1810:/*EOF*/
        -: 1811:/*EOF*/
        1: 1812:/*EOF*/
        -: 1813:/*EOF*/
        -: 1814:/*EOF*/
        -: 1815:/*EOF*/
        -: 1816:/*EOF*/
        -: 1817:/*EOF*/
        3: 1818:/*EOF*/
        -: 1819:/*EOF*/
        -: 1820:/*EOF*/
        -: 1821:/*EOF*/
        -: 1822:/*EOF*/
        -: 1823:/*EOF*/
    #####: 1824:/*EOF*/
        -: 1825:/*EOF*/
        -: 1826:/*EOF*/
        -: 1827:/*EOF*/
        -: 1828:/*EOF*/
        -: 1829:/*EOF*/
    #####: 1830:/*EOF*/
        -: 1831:/*EOF*/
        -: 1832:/*EOF*/
        -: 1833:/*EOF*/
        -: 1834:/*EOF*/
        -: 1835:/*EOF*/
    #####: 1836:/*EOF*/
        -: 1837:/*EOF*/
        -: 1838:/*EOF*/
        -: 1839:/*EOF*/
        -: 1840:/*EOF*/
        -: 1841:/*EOF*/
    #####: 1842:/*EOF*/
        -: 1843:/*EOF*/
        -: 1844:/*EOF*/
        -: 1845:/*EOF*/
        -: 1846:/*EOF*/
        -: 1847:/*EOF*/
    #####: 1848:/*EOF*/
        -: 1849:/*EOF*/
        -: 1850:/*EOF*/
        -: 1851:/*EOF*/
        -: 1852:/*EOF*/
        -: 1853:/*EOF*/
    #####: 1854:/*EOF*/
        -: 1855:/*EOF*/
        -: 1856:/*EOF*/
        -: 1857:/*EOF*/
        -: 1858:/*EOF*/
        -: 1859:/*EOF*/
    #####: 1860:/*EOF*/
        -: 1861:/*EOF*/
        -: 1862:/*EOF*/
        -: 1863:/*EOF*/
        -: 1864:/*EOF*/
        -: 1865:/*EOF*/
    #####: 1866:/*EOF*/
        -: 1867:/*EOF*/
        -: 1868:/*EOF*/
        -: 1869:/*EOF*/
        -: 1870:/*EOF*/
        -: 1871:/*EOF*/
    #####: 1872:/*EOF*/
        -: 1873:/*EOF*/
        -: 1874:/*EOF*/
        -: 1875:/*EOF*/
        -: 1876:/*EOF*/
        -: 1877:/*EOF*/
    #####: 1878:/*EOF*/
        -: 1879:/*EOF*/
        -: 1880:/*EOF*/
        -: 1881:/*EOF*/
        -: 1882:/*EOF*/
        -: 1883:/*EOF*/
    #####: 1884:/*EOF*/
        -: 1885:/*EOF*/
        -: 1886:/*EOF*/
        -: 1887:/*EOF*/
        -: 1888:/*EOF*/
        -: 1889:/*EOF*/
    #####: 1890:/*EOF*/
        -: 1891:/*EOF*/
        -: 1892:/*EOF*/
        -: 1893:/*EOF*/
        -: 1894:/*EOF*/
        -: 1895:/*EOF*/
    #####: 1896:/*EOF*/
        -: 1897:/*EOF*/
        -: 1898:/*EOF*/
        -: 1899:/*EOF*/
        -: 1900:/*EOF*/
        -: 1901:/*EOF*/
    #####: 1902:/*EOF*/
        -: 1903:/*EOF*/
        -: 1904:/*EOF*/
        -: 1905:/*EOF*/
        -: 1906:/*EOF*/
        -: 1907:/*EOF*/
    #####: 1908:/*EOF*/
        -: 1909:/*EOF*/
        -: 1910:/*EOF*/
        -: 1911:/*EOF*/
        -: 1912:/*EOF*/
        -: 1913:/*EOF*/
    #####: 1914:/*EOF*/
        -: 1915:/*EOF*/
        -: 1916:/*EOF*/
        -: 1917:/*EOF*/
        -: 1918:/*EOF*/
        -: 1919:/*EOF*/
        -: 1920:/*EOF*/
        -: 1921:/*EOF*/
        1: 1922:/*EOF*/
        -: 1923:/*EOF*/
        -: 1924:/*EOF*/
        -: 1925:/*EOF*/
        -: 1926:/*EOF*/
        -: 1927:/*EOF*/
        -: 1928:/*EOF*/
        -: 1929:/*EOF*/
        -: 1930:/*EOF*/
        -: 1931:/*EOF*/
        -: 1932:/*EOF*/
        -: 1933:/*EOF*/
        -: 1934:/*EOF*/
        -: 1935:/*EOF*/
        -: 1936:/*EOF*/
        -: 1937:/*EOF*/
        -: 1938:/*EOF*/
        -: 1939:/*EOF*/
       11: 1940:/*EOF*/
        -: 1941:/*EOF*/
        -: 1942:/*EOF*/
        -: 1943:/*EOF*/
        -: 1944:/*EOF*/
        -: 1945:/*EOF*/
    #####: 1946:/*EOF*/
        -: 1947:/*EOF*/
        -: 1948:/*EOF*/
        -: 1949:/*EOF*/
        -: 1950:/*EOF*/
        -: 1951:/*EOF*/
    #####: 1952:/*EOF*/
        -: 1953:/*EOF*/
        -: 1954:/*EOF*/
        -: 1955:/*EOF*/
        -: 1956:/*EOF*/
        -: 1957:/*EOF*/
       12: 1958:/*EOF*/
        -: 1959:/*EOF*/
        -: 1960:/*EOF*/
        -: 1961:/*EOF*/
        -: 1962:/*EOF*/
        -: 1963:/*EOF*/
        3: 1964:/*EOF*/
        -: 1965:/*EOF*/
        -: 1966:/*EOF*/
        -: 1967:/*EOF*/
        -: 1968:/*EOF*/
        -: 1969:/*EOF*/
        1: 1970:/*EOF*/
        -: 1971:/*EOF*/
        -: 1972:/*EOF*/
        -: 1973:/*EOF*/
        -: 1974:/*EOF*/
        -: 1975:/*EOF*/
        5: 1976:/*EOF*/
        -: 1977:/*EOF*/
        -: 1978:/*EOF*/
        -: 1979:/*EOF*/
        -: 1980:/*EOF*/
        -: 1981:/*EOF*/
        3: 1982:/*EOF*/
        -: 1983:/*EOF*/
        -: 1984:/*EOF*/
        -: 1985:/*EOF*/
        -: 1986:/*EOF*/
        -: 1987:/*EOF*/
       35: 1988:/*EOF*/
        -: 1989:/*EOF*/
        -: 1990:/*EOF*/
        -: 1991:/*EOF*/
        -: 1992:/*EOF*/
        -: 1993:/*EOF*/
    #####: 1994:/*EOF*/
        -: 1995:/*EOF*/
        -: 1996:/*EOF*/
        -: 1997:/*EOF*/
        -: 1998:/*EOF*/
        -: 1999:/*EOF*/
    #####: 2000:/*EOF*/
        -: 2001:/*EOF*/
        -: 2002:/*EOF*/
        -: 2003:/*EOF*/
        -: 2004:/*EOF*/
        -: 2005:/*EOF*/
       10: 2006:/*EOF*/
        -: 2007:/*EOF*/
        -: 2008:/*EOF*/
        -: 2009:/*EOF*/
        -: 2010:/*EOF*/
        -: 2011:/*EOF*/
    #####: 2012:/*EOF*/
        -: 2013:/*EOF*/
        -: 2014:/*EOF*/
        -: 2015:/*EOF*/
        -: 2016:/*EOF*/
        -: 2017:/*EOF*/
    #####: 2018:/*EOF*/
        -: 2019:/*EOF*/
        -: 2020:/*EOF*/
        -: 2021:/*EOF*/
        -: 2022:/*EOF*/
        -: 2023:/*EOF*/
    #####: 2024:/*EOF*/
        -: 2025:/*EOF*/
        -: 2026:/*EOF*/
        -: 2027:/*EOF*/
        -: 2028:/*EOF*/
        -: 2029:/*EOF*/
    #####: 2030:/*EOF*/
        -: 2031:/*EOF*/
        -: 2032:/*EOF*/
        -: 2033:/*EOF*/
        -: 2034:/*EOF*/
        -: 2035:/*EOF*/
    #####: 2036:/*EOF*/
        -: 2037:/*EOF*/
        -: 2038:/*EOF*/
        -: 2039:/*EOF*/
        -: 2040:/*EOF*/
        -: 2041:/*EOF*/
    #####: 2042:/*EOF*/
        -: 2043:/*EOF*/
        -: 2044:/*EOF*/
        -: 2045:/*EOF*/
        -: 2046:/*EOF*/
        -: 2047:/*EOF*/
    #####: 2048:/*EOF*/
        -: 2049:/*EOF*/
        -: 2050:/*EOF*/
        -: 2051:/*EOF*/
        -: 2052:/*EOF*/
        -: 2053:/*EOF*/
    #####: 2054:/*EOF*/
        -: 2055:/*EOF*/
        -: 2056:/*EOF*/
        -: 2057:/*EOF*/
        -: 2058:/*EOF*/
        -: 2059:/*EOF*/
        1: 2060:/*EOF*/
        -: 2061:/*EOF*/
        -: 2062:/*EOF*/
        -: 2063:/*EOF*/
        -: 2064:/*EOF*/
        -: 2065:/*EOF*/
        1: 2066:/*EOF*/
        -: 2067:/*EOF*/
        -: 2068:/*EOF*/
        -: 2069:/*EOF*/
        -: 2070:/*EOF*/
        -: 2071:/*EOF*/
        -: 2072:/*EOF*/
    #####: 2073:/*EOF*/
        -: 2074:/*EOF*/
        -: 2075:/*EOF*/
        -: 2076:/*EOF*/
        -: 2077:/*EOF*/
        -: 2078:/*EOF*/
        -: 2079:/*EOF*/
        3: 2080:/*EOF*/
        -: 2081:/*EOF*/
        -: 2082:/*EOF*/
        -: 2083:/*EOF*/
        -: 2084:/*EOF*/
        -: 2085:/*EOF*/
        -: 2086:/*EOF*/
    #####: 2087:/*EOF*/
        -: 2088:/*EOF*/
        -: 2089:/*EOF*/
        -: 2090:/*EOF*/
        -: 2091:/*EOF*/
        -: 2092:/*EOF*/
        -: 2093:/*EOF*/
        1: 2094:/*EOF*/
        -: 2095:/*EOF*/
        -: 2096:/*EOF*/
        -: 2097:/*EOF*/
        -: 2098:/*EOF*/
        -: 2099:/*EOF*/
        -: 2100:/*EOF*/
    #####: 2101:/*EOF*/
        -: 2102:/*EOF*/
        -: 2103:/*EOF*/
        -: 2104:/*EOF*/
        -: 2105:/*EOF*/
        -: 2106:/*EOF*/
        -: 2107:/*EOF*/
    #####: 2108:/*EOF*/
        -: 2109:/*EOF*/
        -: 2110:/*EOF*/
        -: 2111:/*EOF*/
        -: 2112:/*EOF*/
        -: 2113:/*EOF*/
        -: 2114:/*EOF*/
    #####: 2115:/*EOF*/
        -: 2116:/*EOF*/
        -: 2117:/*EOF*/
        -: 2118:/*EOF*/
        -: 2119:/*EOF*/
        -: 2120:/*EOF*/
        5: 2121:/*EOF*/
        -: 2122:/*EOF*/
        -: 2123:/*EOF*/
        -: 2124:/*EOF*/
        -: 2125:/*EOF*/
        -: 2126:/*EOF*/
        -: 2127:/*EOF*/
        -: 2128:/*EOF*/
        3: 2129:/*EOF*/
        -: 2130:/*EOF*/
        -: 2131:/*EOF*/
        -: 2132:/*EOF*/
        -: 2133:/*EOF*/
        -: 2134:/*EOF*/
        4: 2135:/*EOF*/
        -: 2136:/*EOF*/
        -: 2137:/*EOF*/
        -: 2138:/*EOF*/
        -: 2139:/*EOF*/
        -: 2140:/*EOF*/
       38: 2141:/*EOF*/
        -: 2142:/*EOF*/
        -: 2143:/*EOF*/
        -: 2144:/*EOF*/
        -: 2145:/*EOF*/
        -: 2146:/*EOF*/
    #####: 2147:/*EOF*/
        -: 2148:/*EOF*/
        -: 2149:/*EOF*/
        -: 2150:/*EOF*/
        -: 2151:/*EOF*/
        -: 2152:/*EOF*/
       38: 2153:/*EOF*/
        -: 2154:/*EOF*/
        -: 2155:/*EOF*/
        -: 2156:/*EOF*/
        -: 2157:/*EOF*/
        -: 2158:/*EOF*/
        3: 2159:/*EOF*/
        -: 2160:/*EOF*/
        -: 2161:/*EOF*/
        -: 2162:/*EOF*/
        -: 2163:/*EOF*/
        -: 2164:/*EOF*/
    #####: 2165:/*EOF*/
        -: 2166:/*EOF*/
        -: 2167:/*EOF*/
        -: 2168:/*EOF*/
        -: 2169:/*EOF*/
        -: 2170:/*EOF*/
        3: 2171:/*EOF*/
        -: 2172:/*EOF*/
        -: 2173:/*EOF*/
        -: 2174:/*EOF*/
        -: 2175:/*EOF*/
        -: 2176:/*EOF*/
        3: 2177:/*EOF*/
        -: 2178:/*EOF*/
        -: 2179:/*EOF*/
        -: 2180:/*EOF*/
        -: 2181:/*EOF*/
        -: 2182:/*EOF*/
    #####: 2183:/*EOF*/
        -: 2184:/*EOF*/
        -: 2185:/*EOF*/
        -: 2186:/*EOF*/
        -: 2187:/*EOF*/
        -: 2188:/*EOF*/
    #####: 2189:/*EOF*/
        -: 2190:/*EOF*/
        -: 2191:/*EOF*/
        -: 2192:/*EOF*/
        -: 2193:/*EOF*/
        -: 2194:/*EOF*/
    #####: 2195:/*EOF*/
        -: 2196:/*EOF*/
        -: 2197:/*EOF*/
        -: 2198:/*EOF*/
        -: 2199:/*EOF*/
        -: 2200:/*EOF*/
    #####: 2201:/*EOF*/
        -: 2202:/*EOF*/
        -: 2203:/*EOF*/
        -: 2204:/*EOF*/
        -: 2205:/*EOF*/
        -: 2206:/*EOF*/
    #####: 2207:/*EOF*/
        -: 2208:/*EOF*/
        -: 2209:/*EOF*/
        -: 2210:/*EOF*/
        -: 2211:/*EOF*/
        -: 2212:/*EOF*/
    #####: 2213:/*EOF*/
        -: 2214:/*EOF*/
        -: 2215:/*EOF*/
        -: 2216:/*EOF*/
        -: 2217:/*EOF*/
        -: 2218:/*EOF*/
    #####: 2219:/*EOF*/
        -: 2220:/*EOF*/
        -: 2221:/*EOF*/
        -: 2222:/*EOF*/
        -: 2223:/*EOF*/
        -: 2224:/*EOF*/
    #####: 2225:/*EOF*/
        -: 2226:/*EOF*/
        -: 2227:/*EOF*/
        -: 2228:/*EOF*/
        -: 2229:/*EOF*/
        -: 2230:/*EOF*/
    #####: 2231:/*EOF*/
        -: 2232:/*EOF*/
        -: 2233:/*EOF*/
        -: 2234:/*EOF*/
        -: 2235:/*EOF*/
        -: 2236:/*EOF*/
    #####: 2237:/*EOF*/
        -: 2238:/*EOF*/
        -: 2239:/*EOF*/
        -: 2240:/*EOF*/
        -: 2241:/*EOF*/
        -: 2242:/*EOF*/
    #####: 2243:/*EOF*/
        -: 2244:/*EOF*/
        -: 2245:/*EOF*/
        -: 2246:/*EOF*/
        -: 2247:/*EOF*/
        -: 2248:/*EOF*/
    #####: 2249:/*EOF*/
        -: 2250:/*EOF*/
        -: 2251:/*EOF*/
        -: 2252:/*EOF*/
        -: 2253:/*EOF*/
        -: 2254:/*EOF*/
    #####: 2255:/*EOF*/
        -: 2256:/*EOF*/
        -: 2257:/*EOF*/
        -: 2258:/*EOF*/
        -: 2259:/*EOF*/
        -: 2260:/*EOF*/
    #####: 2261:/*EOF*/
        -: 2262:/*EOF*/
        -: 2263:/*EOF*/
        -: 2264:/*EOF*/
        -: 2265:/*EOF*/
        -: 2266:/*EOF*/
    #####: 2267:/*EOF*/
        -: 2268:/*EOF*/
        -: 2269:/*EOF*/
        -: 2270:/*EOF*/
        -: 2271:/*EOF*/
        -: 2272:/*EOF*/
    #####: 2273:/*EOF*/
        -: 2274:/*EOF*/
        -: 2275:/*EOF*/
        -: 2276:/*EOF*/
        -: 2277:/*EOF*/
        -: 2278:/*EOF*/
        -: 2279:/*EOF*/
        -: 2280:/*EOF*/
        -: 2281:/*EOF*/
        -: 2282:/*EOF*/
        -: 2283:/*EOF*/
        -: 2284:/*EOF*/
        -: 2285:/*EOF*/
        -: 2286:/*EOF*/
        -: 2287:/*EOF*/
        -: 2288:/*EOF*/
        -: 2289:/*EOF*/
      472: 2290:/*EOF*/
branch  0 taken 0% (fallthrough)
branch  1 taken 100%
call    2 never executed
call    3 never executed
call    4 never executed
        -: 2291:/*EOF*/
      472: 2292:/*EOF*/
        -: 2293:/*EOF*/
      472: 2294:/*EOF*/
branch  0 taken 0% (fallthrough)
branch  1 taken 100%
call    2 never executed
        -: 2295:/*EOF*/
      472: 2296:/*EOF*/
      472: 2297:/*EOF*/
        -: 2298:/*EOF*/
        -: 2299:/*EOF*/
        -: 2300:/*EOF*/
        -: 2301:/*EOF*/
        -: 2302:/*EOF*/
      472: 2303:/*EOF*/
        -: 2304:/*EOF*/
      472: 2305:/*EOF*/
      472: 2306:/*EOF*/
branch  0 taken 65% (fallthrough)
branch  1 taken 35%
branch  2 taken 68% (fallthrough)
branch  3 taken 32%
      208: 2307:/*EOF*/
        -: 2308:/*EOF*/
      264: 2309:/*EOF*/
        -: 2310:/*EOF*/
        -: 2311:/*EOF*/
        -: 2312:/*EOF*/
        -: 2313:/*EOF*/
        -: 2314:/*EOF*/
        -: 2315:/*EOF*/
        -: 2316:/*EOF*/
        -: 2317:/*EOF*/
        -: 2318:/*EOF*/
        -: 2319:/*EOF*/
    #####: 2320:/*EOF*/
branch  0 never executed
branch  1 never executed
branch  2 never executed
branch  3 never executed
        -: 2321:/*EOF*/
        -: 2322:/*EOF*/
    #####: 2323:/*EOF*/
branch  0 never executed
branch  1 never executed
        -: 2324:/*EOF*/
        -: 2325:/*EOF*/
        -: 2326:/*EOF*/
        -: 2327:/*EOF*/
        -: 2328:/*EOF*/
        -: 2329:/*EOF*/
        -: 2330:/*EOF*/
        -: 2331:/*EOF*/
    #####: 2332:/*EOF*/
call    0 never executed
        -: 2333:/*EOF*/
    #####: 2334:/*EOF*/
call    0 never executed
    #####: 2335:/*EOF*/
branch  0 never executed
branch  1 never executed
    #####: 2336:/*EOF*/
    #####: 2337:/*EOF*/
branch  0 never executed
branch  1 never executed
        -: 2338:/*EOF*/
    #####: 2339:/*EOF*/
branch  0 never executed
branch  1 never executed
    #####: 2340:/*EOF*/
    #####: 2341:/*EOF*/
    #####: 2342:/*EOF*/
branch  0 never executed
branch  1 never executed
        -: 2343:/*EOF*/
    #####: 2344:/*EOF*/
    #####: 2345:/*EOF*/
        -: 2346:/*EOF*/
        -: 2347:/*EOF*/
        -: 2348:/*EOF*/
        -: 2349:/*EOF*/
    #####: 2350:/*EOF*/
call    0 never executed
    #####: 2351:/*EOF*/
        -: 2352:/*EOF*/
        -: 2353:/*EOF*/
    #####: 2354:/*EOF*/
call    0 never executed
    #####: 2355:/*EOF*/
branch  0 never executed
branch  1 never executed
        -: 2356:/*EOF*/
        -: 2357:/*EOF*/
        -: 2358:/*EOF*/
        -: 2359:/*EOF*/
        -: 2360:/*EOF*/
        -: 2361:/*EOF*/
    #####: 2362:/*EOF*/
        -: 2363:/*EOF*/
    #####: 2364:/*EOF*/
branch  0 never executed
branch  1 never executed
        -: 2365:/*EOF*/
        -: 2366:/*EOF*/
        -: 2367:/*EOF*/
        -: 2368:/*EOF*/
    #####: 2369:/*EOF*/
branch  0 never executed
branch  1 never executed
        -: 2370:/*EOF*/
        -: 2371:/*EOF*/
    #####: 2372:/*EOF*/
branch  0 never executed
branch  1 never executed
        -: 2373:/*EOF*/
        -: 2374:/*EOF*/
        -: 2375:/*EOF*/
        -: 2376:/*EOF*/
    #####: 2377:/*EOF*/
call    0 never executed
        -: 2378:/*EOF*/
        -: 2379:/*EOF*/
        -: 2380:/*EOF*/
        -: 2381:/*EOF*/
        -: 2382:/*EOF*/
        -: 2383:/*EOF*/
        -: 2384:/*EOF*/
        -: 2385:/*EOF*/
        -: 2386:/*EOF*/
        -: 2387:/*EOF*/
        -: 2388:/*EOF*/
        -: 2389:/*EOF*/
        -: 2390:/*EOF*/
        -: 2391:/*EOF*/
        -: 2392:/*EOF*/
        -: 2393:/*EOF*/
        -: 2394:/*EOF*/
        -: 2395:/*EOF*/
        -: 2396:/*EOF*/
        -: 2397:/*EOF*/
        -: 2398:/*EOF*/
        -: 2399:/*EOF*/
        -: 2400:/*EOF*/
        -: 2401:/*EOF*/
        -: 2402:/*EOF*/
        -: 2403:/*EOF*/
        -: 2404:/*EOF*/
        -: 2405:/*EOF*/
        -: 2406:/*EOF*/
        -: 2407:/*EOF*/
        -: 2408:/*EOF*/
        -: 2409:/*EOF*/
        -: 2410:/*EOF*/
        -: 2411:/*EOF*/
        -: 2412:/*EOF*/
        -: 2413:/*EOF*/
        -: 2414:/*EOF*/
        -: 2415:/*EOF*/
        -: 2416:/*EOF*/
    #####: 2417:/*EOF*/
    #####: 2418:/*EOF*/
branch  0 never executed
branch  1 never executed
        -: 2419:/*EOF*/
    #####: 2420:/*EOF*/
    #####: 2421:/*EOF*/
branch  0 never executed
branch  1 never executed
branch  2 never executed
branch  3 never executed
        -: 2422:/*EOF*/
    #####: 2423:/*EOF*/
    #####: 2424:/*EOF*/
branch  0 never executed
branch  1 never executed
        -: 2425:/*EOF*/
        -: 2426:/*EOF*/
        -: 2427:/*EOF*/
        -: 2428:/*EOF*/
        -: 2429:/*EOF*/
    #####: 2430:/*EOF*/
branch  0 never executed
branch  1 never executed
        -: 2431:/*EOF*/
        -: 2432:/*EOF*/
    #####: 2433:/*EOF*/
    #####: 2434:/*EOF*/
call    0 never executed
    #####: 2435:/*EOF*/
    #####: 2436:/*EOF*/
    #####: 2437:/*EOF*/
    #####: 2438:/*EOF*/
branch  0 never executed
branch  1 never executed
call    2 never executed
        -: 2439:/*EOF*/
        -: 2440:/*EOF*/
        -: 2441:/*EOF*/
    #####: 2442:/*EOF*/
        -: 2443:/*EOF*/
        -: 2444:/*EOF*/
    #####: 2445:/*EOF*/
        -: 2446:/*EOF*/
        -: 2447:/*EOF*/
    #####: 2448:/*EOF*/
    #####: 2449:/*EOF*/
        -: 2450:/*EOF*/
        -: 2451:/*EOF*/
    #####: 2452:/*EOF*/
branch  0 never executed
branch  1 never executed
call    2 never executed
call    3 never executed
call    4 never executed
        -: 2453:/*EOF*/
    #####: 2454:/*EOF*/
    #####: 2455:/*EOF*/
        -: 2456:/*EOF*/
        -: 2457:/*EOF*/
        -: 2458:/*EOF*/
        -: 2459:/*EOF*/
        -: 2460:/*EOF*/
        -: 2461:/*EOF*/
        -: 2462:/*EOF*/
        -: 2463:/*EOF*/
        -: 2464:/*EOF*/
        -: 2465:/*EOF*/
        -: 2466:/*EOF*/
        -: 2467:/*EOF*/
        -: 2468:/*EOF*/
        -: 2469:/*EOF*/
        -: 2470:/*EOF*/
        -: 2471:/*EOF*/
        -: 2472:/*EOF*/
        -: 2473:/*EOF*/
        -: 2474:/*EOF*/
        -: 2475:/*EOF*/
        -: 2476:/*EOF*/
    #####: 2477:/*EOF*/
call    0 never executed
call    1 never executed
        -: 2478:/*EOF*/
        -: 2479:/*EOF*/
        -: 2480:/*EOF*/
        -: 2481:/*EOF*/
        -: 2482:/*EOF*/
        1: 2483:/*EOF*/
branch  0 taken 0% (fallthrough)
branch  1 taken 100%
        -: 2484:/*EOF*/
        -: 2485:/*EOF*/
        -: 2486:/*EOF*/
    #####: 2487:/*EOF*/
branch  0 never executed
branch  1 never executed
    #####: 2488:/*EOF*/
call    0 never executed
        -: 2489:/*EOF*/
        -: 2490:/*EOF*/
        -: 2491:/*EOF*/
        -: 2492:/*EOF*/
        -: 2493:/*EOF*/
        1: 2494:/*EOF*/
branch  0 taken 0% (fallthrough)
branch  1 taken 100%
call    2 never executed
        3: 2495:/*EOF*/
branch  0 taken 67%
branch  1 taken 33% (fallthrough)
        -: 2496:/*EOF*/
        2: 2497:/*EOF*/
call    0 returned 100%
        2: 2498:/*EOF*/
        2: 2499:/*EOF*/
        -: 2500:/*EOF*/
        -: 2501:/*EOF*/
        1: 2502:/*EOF*/
branch  0 taken 0% (fallthrough)
branch  1 taken 100%
    #####: 2503:/*EOF*/
        -: 2504:/*EOF*/
        -: 2505:/*EOF*/
        1: 2506:/*EOF*/
branch  0 taken 0% (fallthrough)
branch  1 taken 100%
    #####: 2507:/*EOF*/
        -: 2508:/*EOF*/
        1: 2509:/*EOF*/
